[ 2015-05-11T08:40:49+08:00 ] ::1 /Examination/Options
INFO: [ app_init ] --START--
INFO: Run Behavior\BuildLiteBehavior [ RunTime:0.000023s ]
INFO: [ app_init ] --END-- [ RunTime:0.000360s ]
ERR: 无法加载模块:Options

[ 2015-05-11T13:10:09+08:00 ] ::1 /examination/ex2/opencenter/Public/favicon.ico
INFO: [ app_init ] --START--
INFO: Run Behavior\BuildLiteBehavior [ RunTime:0.000048s ]
INFO: [ app_init ] --END-- [ RunTime:0.000603s ]
ERR: 无法加载模块:EX2

[ 2015-05-11T13:10:09+08:00 ] ::1 /examination/ex2/opencenter/Public/favicon.ico
INFO: [ app_init ] --START--
INFO: Run Behavior\BuildLiteBehavior [ RunTime:0.000027s ]
INFO: [ app_init ] --END-- [ RunTime:0.000442s ]
ERR: 无法加载模块:EX2

[ 2015-05-11T13:10:26+08:00 ] ::1 /examination/ex2/opencenter/Public/static/thinkbox/jquery.thinkbox.js
INFO: [ app_init ] --START--
INFO: Run Behavior\BuildLiteBehavior [ RunTime:0.000045s ]
INFO: [ app_init ] --END-- [ RunTime:0.000725s ]
ERR: 无法加载模块:EX2

[ 2015-05-11T13:10:26+08:00 ] ::1 /examination/ex2/opencenter/Public/static/thinkbox/jquery.thinkbox.js
INFO: [ app_init ] --START--
INFO: Run Behavior\BuildLiteBehavior [ RunTime:0.000030s ]
INFO: [ app_init ] --END-- [ RunTime:0.000478s ]
ERR: 无法加载模块:EX2

[ 2015-05-11T13:10:29+08:00 ] ::1 /examination/ex2/opencenter/Public/static/thinkbox/jquery.thinkbox.js
INFO: [ app_init ] --START--
INFO: Run Behavior\BuildLiteBehavior [ RunTime:0.000045s ]
INFO: [ app_init ] --END-- [ RunTime:0.000708s ]
ERR: 无法加载模块:EX2

[ 2015-05-11T13:10:30+08:00 ] ::1 /examination/ex2/opencenter/Public/static/thinkbox/jquery.thinkbox.js
INFO: [ app_init ] --START--
INFO: Run Behavior\BuildLiteBehavior [ RunTime:0.000128s ]
INFO: [ app_init ] --END-- [ RunTime:0.000716s ]
ERR: 无法加载模块:EX2

[ 2015-05-11T13:10:56+08:00 ] ::1 /examination/ex2/opencenter/Public/static/thinkbox/jquery.thinkbox.js
INFO: [ app_init ] --START--
INFO: Run Behavior\BuildLiteBehavior [ RunTime:0.000026s ]
INFO: [ app_init ] --END-- [ RunTime:0.000415s ]
ERR: 无法加载模块:EX2

[ 2015-05-11T13:10:57+08:00 ] ::1 /examination/ex2/opencenter/Public/static/thinkbox/jquery.thinkbox.js
INFO: [ app_init ] --START--
INFO: Run Behavior\BuildLiteBehavior [ RunTime:0.000044s ]
INFO: [ app_init ] --END-- [ RunTime:0.000617s ]
ERR: 无法加载模块:EX2

[ 2015-05-11T13:10:57+08:00 ] ::1 /examination/ex2/opencenter/Public/static/thinkbox/jquery.thinkbox.js
INFO: [ app_init ] --START--
INFO: Run Behavior\BuildLiteBehavior [ RunTime:0.000025s ]
INFO: [ app_init ] --END-- [ RunTime:0.000360s ]
ERR: 无法加载模块:EX2

[ 2015-05-11T13:10:59+08:00 ] ::1 /examination/ex2/opencenter/Public/static/thinkbox/jquery.thinkbox.js
INFO: [ app_init ] --START--
INFO: Run Behavior\BuildLiteBehavior [ RunTime:0.000056s ]
INFO: [ app_init ] --END-- [ RunTime:0.000611s ]
ERR: 无法加载模块:EX2

[ 2015-05-11T13:11:00+08:00 ] ::1 /examination/ex2/opencenter/Public/static/thinkbox/jquery.thinkbox.js
INFO: [ app_init ] --START--
INFO: Run Behavior\BuildLiteBehavior [ RunTime:0.000043s ]
INFO: [ app_init ] --END-- [ RunTime:0.000607s ]
ERR: 无法加载模块:EX2

[ 2015-05-11T13:11:01+08:00 ] ::1 /examination/ex2/opencenter/Public/static/thinkbox/jquery.thinkbox.js
INFO: [ app_init ] --START--
INFO: Run Behavior\BuildLiteBehavior [ RunTime:0.000041s ]
INFO: [ app_init ] --END-- [ RunTime:0.000592s ]
ERR: 无法加载模块:EX2

[ 2015-05-11T13:11:06+08:00 ] ::1 /examination/ex2/opencenter/Public/static/thinkbox/jquery.thinkbox.js
INFO: [ app_init ] --START--
INFO: Run Behavior\BuildLiteBehavior [ RunTime:0.000029s ]
INFO: [ app_init ] --END-- [ RunTime:0.000441s ]
ERR: 无法加载模块:EX2

[ 2015-05-11T13:12:02+08:00 ] ::1 /examination/ex2/opencenter/Public/static/thinkbox/jquery.thinkbox.js
INFO: [ app_init ] --START--
INFO: Run Behavior\BuildLiteBehavior [ RunTime:0.000043s ]
INFO: [ app_init ] --END-- [ RunTime:0.000635s ]
ERR: 无法加载模块:EX2

[ 2015-05-11T13:12:03+08:00 ] ::1 /examination/ex2/opencenter/Public/static/thinkbox/jquery.thinkbox.js
INFO: [ app_init ] --START--
INFO: Run Behavior\BuildLiteBehavior [ RunTime:0.000023s ]
INFO: [ app_init ] --END-- [ RunTime:0.000356s ]
ERR: 无法加载模块:EX2

[ 2015-05-11T13:12:05+08:00 ] ::1 /examination/ex2/opencenter/Public/static/thinkbox/jquery.thinkbox.js
INFO: [ app_init ] --START--
INFO: Run Behavior\BuildLiteBehavior [ RunTime:0.000045s ]
INFO: [ app_init ] --END-- [ RunTime:0.000679s ]
ERR: 无法加载模块:EX2

[ 2015-05-11T13:12:24+08:00 ] ::1 /examination/ex2/opencenter/Public/static/thinkbox/jquery.thinkbox.js
INFO: [ app_init ] --START--
INFO: Run Behavior\BuildLiteBehavior [ RunTime:0.000040s ]
INFO: [ app_init ] --END-- [ RunTime:0.000543s ]
ERR: 无法加载模块:EX2

[ 2015-05-11T13:12:25+08:00 ] ::1 /examination/ex2/opencenter/Public/static/thinkbox/jquery.thinkbox.js
INFO: [ app_init ] --START--
INFO: Run Behavior\BuildLiteBehavior [ RunTime:0.000042s ]
INFO: [ app_init ] --END-- [ RunTime:0.000607s ]
ERR: 无法加载模块:EX2

[ 2015-05-11T13:12:58+08:00 ] ::1 /examination/ex2/opencenter/Public/static/thinkbox/jquery.thinkbox.js
INFO: [ app_init ] --START--
INFO: Run Behavior\BuildLiteBehavior [ RunTime:0.000046s ]
INFO: [ app_init ] --END-- [ RunTime:0.000749s ]
ERR: 无法加载模块:EX2

[ 2015-05-11T13:13:00+08:00 ] ::1 /examination/ex2/opencenter/Public/static/thinkbox/jquery.thinkbox.js
INFO: [ app_init ] --START--
INFO: Run Behavior\BuildLiteBehavior [ RunTime:0.000047s ]
INFO: [ app_init ] --END-- [ RunTime:0.000656s ]
ERR: 无法加载模块:EX2

[ 2015-05-11T13:13:10+08:00 ] ::1 /examination/ex2/opencenter/Public/static/thinkbox/jquery.thinkbox.js
INFO: [ app_init ] --START--
INFO: Run Behavior\BuildLiteBehavior [ RunTime:0.000028s ]
INFO: [ app_init ] --END-- [ RunTime:0.000441s ]
ERR: 无法加载模块:EX2

[ 2015-05-11T13:13:10+08:00 ] ::1 /examination/ex2/opencenter/Public/static/thinkbox/jquery.thinkbox.js
INFO: [ app_init ] --START--
INFO: Run Behavior\BuildLiteBehavior [ RunTime:0.000029s ]
INFO: [ app_init ] --END-- [ RunTime:0.000434s ]
ERR: 无法加载模块:EX2

[ 2015-05-11T13:14:22+08:00 ] ::1 /examination/ex2/opencenter/Public/static/thinkbox/jquery.thinkbox.js
INFO: [ app_init ] --START--
INFO: Run Behavior\BuildLiteBehavior [ RunTime:0.000030s ]
INFO: [ app_init ] --END-- [ RunTime:0.000430s ]
ERR: 无法加载模块:EX2

[ 2015-05-11T13:14:22+08:00 ] ::1 /examination/ex2/opencenter/Public/static/thinkbox/jquery.thinkbox.js
INFO: [ app_init ] --START--
INFO: Run Behavior\BuildLiteBehavior [ RunTime:0.000041s ]
INFO: [ app_init ] --END-- [ RunTime:0.000610s ]
ERR: 无法加载模块:EX2

[ 2015-05-11T13:15:50+08:00 ] ::1 /examination/ex2/opencenter/Public/static/image/bq.png
INFO: [ app_init ] --START--
INFO: Run Behavior\BuildLiteBehavior [ RunTime:0.000030s ]
INFO: [ app_init ] --END-- [ RunTime:0.000458s ]
ERR: 无法加载模块:EX2

[ 2015-05-11T13:15:58+08:00 ] ::1 /examination/ex2/opencenter/Public/static/image/bq.png
INFO: [ app_init ] --START--
INFO: Run Behavior\BuildLiteBehavior [ RunTime:0.000043s ]
INFO: [ app_init ] --END-- [ RunTime:0.000631s ]
ERR: 无法加载模块:EX2

[ 2015-05-11T13:15:58+08:00 ] ::1 /examination/ex2/opencenter/Public/static/image/bq.png
INFO: [ app_init ] --START--
INFO: Run Behavior\BuildLiteBehavior [ RunTime:0.000037s ]
INFO: [ app_init ] --END-- [ RunTime:0.000431s ]
ERR: 无法加载模块:EX2

[ 2015-05-11T13:16:10+08:00 ] ::1 /examination/ex2/opencenter/Public/static/image/bq.png
INFO: [ app_init ] --START--
INFO: Run Behavior\BuildLiteBehavior [ RunTime:0.000024s ]
INFO: [ app_init ] --END-- [ RunTime:0.000390s ]
ERR: 无法加载模块:EX2

[ 2015-05-11T13:16:10+08:00 ] ::1 /examination/ex2/opencenter/Public/static/image/bq.png
INFO: [ app_init ] --START--
INFO: Run Behavior\BuildLiteBehavior [ RunTime:0.000041s ]
INFO: [ app_init ] --END-- [ RunTime:0.000476s ]
ERR: 无法加载模块:EX2

[ 2015-05-11T13:16:14+08:00 ] ::1 /examination/ex2/opencenter/Public/static/image/bq.png
INFO: [ app_init ] --START--
INFO: Run Behavior\BuildLiteBehavior [ RunTime:0.000025s ]
INFO: [ app_init ] --END-- [ RunTime:0.000418s ]
ERR: 无法加载模块:EX2

[ 2015-05-11T13:16:15+08:00 ] ::1 /examination/ex2/opencenter/Public/static/image/bq.png
INFO: [ app_init ] --START--
INFO: Run Behavior\BuildLiteBehavior [ RunTime:0.000039s ]
INFO: [ app_init ] --END-- [ RunTime:0.000704s ]
ERR: 无法加载模块:EX2

[ 2015-05-11T13:16:17+08:00 ] ::1 /examination/ex2/opencenter/Public/static/image/bq.png
INFO: [ app_init ] --START--
INFO: Run Behavior\BuildLiteBehavior [ RunTime:0.000030s ]
INFO: [ app_init ] --END-- [ RunTime:0.000466s ]
ERR: 无法加载模块:EX2

[ 2015-05-11T13:16:19+08:00 ] ::1 /examination/ex2/opencenter/Public/static/image/bq.png
INFO: [ app_init ] --START--
INFO: Run Behavior\BuildLiteBehavior [ RunTime:0.000045s ]
INFO: [ app_init ] --END-- [ RunTime:0.000700s ]
ERR: 无法加载模块:EX2

[ 2015-05-11T13:16:24+08:00 ] ::1 /examination/ex2/opencenter/Public/static/image/bq.png
INFO: [ app_init ] --START--
INFO: Run Behavior\BuildLiteBehavior [ RunTime:0.000026s ]
INFO: [ app_init ] --END-- [ RunTime:0.000468s ]
ERR: 无法加载模块:EX2

[ 2015-05-11T13:16:33+08:00 ] ::1 /examination/ex2/opencenter/Public/static/image/bq.png
INFO: [ app_init ] --START--
INFO: Run Behavior\BuildLiteBehavior [ RunTime:0.000039s ]
INFO: [ app_init ] --END-- [ RunTime:0.000677s ]
ERR: 无法加载模块:EX2

[ 2015-05-11T13:16:40+08:00 ] ::1 /examination/ex2/opencenter/Public/static/image/bq.png
INFO: [ app_init ] --START--
INFO: Run Behavior\BuildLiteBehavior [ RunTime:0.000039s ]
INFO: [ app_init ] --END-- [ RunTime:0.000672s ]
ERR: 无法加载模块:EX2

[ 2015-05-11T13:16:42+08:00 ] ::1 /examination/ex2/opencenter/Public/static/image/bq.png
INFO: [ app_init ] --START--
INFO: Run Behavior\BuildLiteBehavior [ RunTime:0.000038s ]
INFO: [ app_init ] --END-- [ RunTime:0.000648s ]
ERR: 无法加载模块:EX2

[ 2015-05-11T13:16:43+08:00 ] ::1 /examination/ex2/opencenter/Public/static/image/bq.png
INFO: [ app_init ] --START--
INFO: Run Behavior\BuildLiteBehavior [ RunTime:0.000043s ]
INFO: [ app_init ] --END-- [ RunTime:0.000713s ]
ERR: 无法加载模块:EX2

[ 2015-05-11T13:17:02+08:00 ] ::1 /examination/ex2/opencenter/Public/static/thinkbox/jquery.thinkbox.js
INFO: [ app_init ] --START--
INFO: Run Behavior\BuildLiteBehavior [ RunTime:0.000040s ]
INFO: [ app_init ] --END-- [ RunTime:0.000651s ]
ERR: 无法加载模块:EX2

[ 2015-05-11T13:17:13+08:00 ] ::1 /examination/ex2/opencenter/Public/static/thinkbox/jquery.thinkbox.js
INFO: [ app_init ] --START--
INFO: Run Behavior\BuildLiteBehavior [ RunTime:0.000027s ]
INFO: [ app_init ] --END-- [ RunTime:0.000473s ]
ERR: 无法加载模块:EX2

[ 2015-05-11T13:17:19+08:00 ] ::1 /examination/ex2/opencenter/Public/static/image/bq.png
INFO: [ app_init ] --START--
INFO: Run Behavior\BuildLiteBehavior [ RunTime:0.000026s ]
INFO: [ app_init ] --END-- [ RunTime:0.000427s ]
ERR: 无法加载模块:EX2

[ 2015-05-11T13:17:19+08:00 ] ::1 /examination/ex2/opencenter/Public/static/image/bq.png
INFO: [ app_init ] --START--
INFO: Run Behavior\BuildLiteBehavior [ RunTime:0.000040s ]
INFO: [ app_init ] --END-- [ RunTime:0.000704s ]
ERR: 无法加载模块:EX2

[ 2015-05-11T13:17:59+08:00 ] ::1 /examination/ex2/opencenter/Public/static/image/bq.png
INFO: [ app_init ] --START--
INFO: Run Behavior\BuildLiteBehavior [ RunTime:0.000038s ]
INFO: [ app_init ] --END-- [ RunTime:0.000774s ]
ERR: 无法加载模块:EX2

[ 2015-05-11T13:17:59+08:00 ] ::1 /examination/ex2/opencenter/Public/static/image/bq.png
INFO: [ app_init ] --START--
INFO: Run Behavior\BuildLiteBehavior [ RunTime:0.000040s ]
INFO: [ app_init ] --END-- [ RunTime:0.000714s ]
ERR: 无法加载模块:EX2

[ 2015-05-11T13:18:03+08:00 ] ::1 /examination/ex2/opencenter/Public/static/image/bq.png
INFO: [ app_init ] --START--
INFO: Run Behavior\BuildLiteBehavior [ RunTime:0.000044s ]
INFO: [ app_init ] --END-- [ RunTime:0.000947s ]
ERR: 无法加载模块:EX2

[ 2015-05-11T13:18:03+08:00 ] ::1 /examination/ex2/opencenter/Public/Core/js/ext/atwho/atwho.js
INFO: [ app_init ] --START--
INFO: Run Behavior\BuildLiteBehavior [ RunTime:0.000055s ]
INFO: [ app_init ] --END-- [ RunTime:0.000738s ]
ERR: 无法加载模块:EX2

[ 2015-05-11T13:18:03+08:00 ] ::1 /examination/ex2/opencenter/Public/Core/js/ext/atwho/atwho.css
INFO: [ app_init ] --START--
INFO: Run Behavior\BuildLiteBehavior [ RunTime:0.000044s ]
INFO: [ app_init ] --END-- [ RunTime:0.000790s ]
ERR: 无法加载模块:EX2

[ 2015-05-11T13:18:03+08:00 ] ::1 /examination/ex2/opencenter/Public/Core/js/ext/atwho/atwho.js
INFO: [ app_init ] --START--
INFO: Run Behavior\BuildLiteBehavior [ RunTime:0.000039s ]
INFO: [ app_init ] --END-- [ RunTime:0.000614s ]
ERR: 无法加载模块:EX2

[ 2015-05-11T13:18:03+08:00 ] ::1 /examination/ex2/opencenter/Public/static/image/bq.png
INFO: [ app_init ] --START--
INFO: Run Behavior\BuildLiteBehavior [ RunTime:0.000038s ]
INFO: [ app_init ] --END-- [ RunTime:0.000616s ]
ERR: 无法加载模块:EX2

[ 2015-05-11T13:18:03+08:00 ] ::1 /examination/ex2/opencenter/Public/Core/js/ext/atwho/atwho.css
INFO: [ app_init ] --START--
INFO: Run Behavior\BuildLiteBehavior [ RunTime:0.000025s ]
INFO: [ app_init ] --END-- [ RunTime:0.000531s ]
ERR: 无法加载模块:EX2

[ 2015-05-11T13:18:18+08:00 ] ::1 /examination/ex2/opencenter/Public/static/image/bq.png
INFO: [ app_init ] --START--
INFO: Run Behavior\BuildLiteBehavior [ RunTime:0.000038s ]
INFO: [ app_init ] --END-- [ RunTime:0.000748s ]
ERR: 无法加载模块:EX2

[ 2015-05-11T13:18:18+08:00 ] ::1 /examination/ex2/opencenter/Public/static/image/bq.png
INFO: [ app_init ] --START--
INFO: Run Behavior\BuildLiteBehavior [ RunTime:0.000040s ]
INFO: [ app_init ] --END-- [ RunTime:0.000704s ]
ERR: 无法加载模块:EX2

[ 2015-05-11T13:18:23+08:00 ] ::1 /examination/ex2/opencenter/Public/static/image/bq.png
INFO: [ app_init ] --START--
INFO: Run Behavior\BuildLiteBehavior [ RunTime:0.000024s ]
INFO: [ app_init ] --END-- [ RunTime:0.000697s ]
ERR: 无法加载模块:EX2

[ 2015-05-11T13:18:24+08:00 ] ::1 /examination/ex2/opencenter/Public/static/image/bq.png
INFO: [ app_init ] --START--
INFO: Run Behavior\BuildLiteBehavior [ RunTime:0.000043s ]
INFO: [ app_init ] --END-- [ RunTime:0.000598s ]
ERR: 无法加载模块:EX2

[ 2015-05-11T13:18:38+08:00 ] ::1 /examination/ex2/opencenter/Public/static/thinkbox/jquery.thinkbox.js
INFO: [ app_init ] --START--
INFO: Run Behavior\BuildLiteBehavior [ RunTime:0.000038s ]
INFO: [ app_init ] --END-- [ RunTime:0.000575s ]
ERR: 无法加载模块:EX2

[ 2015-05-11T13:19:30+08:00 ] ::1 /examination/ex2/opencenter/Public/static/thinkbox/jquery.thinkbox.js
INFO: [ app_init ] --START--
INFO: Run Behavior\BuildLiteBehavior [ RunTime:0.000025s ]
INFO: [ app_init ] --END-- [ RunTime:0.000416s ]
ERR: 无法加载模块:EX2

[ 2015-05-11T13:19:41+08:00 ] ::1 /examination/ex2/opencenter/Public/static/thinkbox/jquery.thinkbox.js
INFO: [ app_init ] --START--
INFO: Run Behavior\BuildLiteBehavior [ RunTime:0.000028s ]
INFO: [ app_init ] --END-- [ RunTime:0.000651s ]
ERR: 无法加载模块:EX2

[ 2015-05-11T13:19:41+08:00 ] ::1 /examination/ex2/opencenter/Public/static/thinkbox/jquery.thinkbox.js
INFO: [ app_init ] --START--
INFO: Run Behavior\BuildLiteBehavior [ RunTime:0.000039s ]
INFO: [ app_init ] --END-- [ RunTime:0.000591s ]
ERR: 无法加载模块:EX2

[ 2015-05-11T13:19:43+08:00 ] ::1 /examination/ex2/opencenter/Public/static/thinkbox/jquery.thinkbox.js
INFO: [ app_init ] --START--
INFO: Run Behavior\BuildLiteBehavior [ RunTime:0.000042s ]
INFO: [ app_init ] --END-- [ RunTime:0.000674s ]
ERR: 无法加载模块:EX2

[ 2015-05-11T13:19:45+08:00 ] ::1 /examination/ex2/opencenter/Public/static/thinkbox/jquery.thinkbox.js
INFO: [ app_init ] --START--
INFO: Run Behavior\BuildLiteBehavior [ RunTime:0.000042s ]
INFO: [ app_init ] --END-- [ RunTime:0.000667s ]
ERR: 无法加载模块:EX2

[ 2015-05-11T13:19:46+08:00 ] ::1 /examination/ex2/opencenter/Public/static/thinkbox/jquery.thinkbox.js
INFO: [ app_init ] --START--
INFO: Run Behavior\BuildLiteBehavior [ RunTime:0.000041s ]
INFO: [ app_init ] --END-- [ RunTime:0.000656s ]
ERR: 无法加载模块:EX2

[ 2015-05-11T13:20:23+08:00 ] ::1 /examination/ex2/opencenter/Public/static/thinkbox/jquery.thinkbox.js
INFO: [ app_init ] --START--
INFO: Run Behavior\BuildLiteBehavior [ RunTime:0.000033s ]
INFO: [ app_init ] --END-- [ RunTime:0.000480s ]
ERR: 无法加载模块:EX2

[ 2015-05-11T13:20:23+08:00 ] ::1 /examination/ex2/opencenter/Public/static/thinkbox/jquery.thinkbox.js
INFO: [ app_init ] --START--
INFO: Run Behavior\BuildLiteBehavior [ RunTime:0.000039s ]
INFO: [ app_init ] --END-- [ RunTime:0.000657s ]
ERR: 无法加载模块:EX2

[ 2015-05-11T13:20:25+08:00 ] ::1 /examination/ex2/opencenter/Public/static/thinkbox/jquery.thinkbox.js
INFO: [ app_init ] --START--
INFO: Run Behavior\BuildLiteBehavior [ RunTime:0.000042s ]
INFO: [ app_init ] --END-- [ RunTime:0.000640s ]
ERR: 无法加载模块:EX2

[ 2015-05-11T13:20:31+08:00 ] ::1 /examination/ex2/opencenter/Public/static/thinkbox/jquery.thinkbox.js
INFO: [ app_init ] --START--
INFO: Run Behavior\BuildLiteBehavior [ RunTime:0.000025s ]
INFO: [ app_init ] --END-- [ RunTime:0.000409s ]
ERR: 无法加载模块:EX2

[ 2015-05-11T13:20:33+08:00 ] ::1 /examination/ex2/opencenter/Public/static/thinkbox/jquery.thinkbox.js
INFO: [ app_init ] --START--
INFO: Run Behavior\BuildLiteBehavior [ RunTime:0.000025s ]
INFO: [ app_init ] --END-- [ RunTime:0.000412s ]
ERR: 无法加载模块:EX2

[ 2015-05-11T13:20:33+08:00 ] ::1 /examination/ex2/opencenter/Public/static/thinkbox/jquery.thinkbox.js
INFO: [ app_init ] --START--
INFO: Run Behavior\BuildLiteBehavior [ RunTime:0.000026s ]
INFO: [ app_init ] --END-- [ RunTime:0.000429s ]
ERR: 无法加载模块:EX2

[ 2015-05-11T13:20:37+08:00 ] ::1 /examination/ex2/opencenter/Public/static/thinkbox/jquery.thinkbox.js
INFO: [ app_init ] --START--
INFO: Run Behavior\BuildLiteBehavior [ RunTime:0.000045s ]
INFO: [ app_init ] --END-- [ RunTime:0.000723s ]
ERR: 无法加载模块:EX2

[ 2015-05-11T13:20:41+08:00 ] ::1 /examination/ex2/opencenter/Public/static/thinkbox/jquery.thinkbox.js
INFO: [ app_init ] --START--
INFO: Run Behavior\BuildLiteBehavior [ RunTime:0.000026s ]
INFO: [ app_init ] --END-- [ RunTime:0.000438s ]
ERR: 无法加载模块:EX2

[ 2015-05-11T13:20:42+08:00 ] ::1 /examination/ex2/opencenter/Public/static/thinkbox/jquery.thinkbox.js
INFO: [ app_init ] --START--
INFO: Run Behavior\BuildLiteBehavior [ RunTime:0.000044s ]
INFO: [ app_init ] --END-- [ RunTime:0.000684s ]
ERR: 无法加载模块:EX2

[ 2015-05-11T13:20:47+08:00 ] ::1 /examination/ex2/opencenter/Public/static/thinkbox/jquery.thinkbox.js
INFO: [ app_init ] --START--
INFO: Run Behavior\BuildLiteBehavior [ RunTime:0.000043s ]
INFO: [ app_init ] --END-- [ RunTime:0.000754s ]
ERR: 无法加载模块:EX2

[ 2015-05-11T13:20:59+08:00 ] ::1 /examination/ex2/opencenter/Public/static/image/bq.png
INFO: [ app_init ] --START--
INFO: Run Behavior\BuildLiteBehavior [ RunTime:0.000042s ]
INFO: [ app_init ] --END-- [ RunTime:0.000698s ]
ERR: 无法加载模块:EX2

[ 2015-05-11T13:20:59+08:00 ] ::1 /examination/ex2/opencenter/Public/static/image/bq.png
INFO: [ app_init ] --START--
INFO: Run Behavior\BuildLiteBehavior [ RunTime:0.000039s ]
INFO: [ app_init ] --END-- [ RunTime:0.000604s ]
ERR: 无法加载模块:EX2

[ 2015-05-11T13:21:07+08:00 ] ::1 /examination/ex2/opencenter/Public/static/image/bq.png
INFO: [ app_init ] --START--
INFO: Run Behavior\BuildLiteBehavior [ RunTime:0.000043s ]
INFO: [ app_init ] --END-- [ RunTime:0.000683s ]
ERR: 无法加载模块:EX2

[ 2015-05-11T13:24:17+08:00 ] ::1 /examination/ex2/opencenter/Public/static/thinkbox/jquery.thinkbox.js
INFO: [ app_init ] --START--
INFO: Run Behavior\BuildLiteBehavior [ RunTime:0.000023s ]
INFO: [ app_init ] --END-- [ RunTime:0.000411s ]
ERR: 无法加载模块:EX2

[ 2015-05-11T13:24:17+08:00 ] ::1 /examination/ex2/opencenter/Public/static/thinkbox/jquery.thinkbox.js
INFO: [ app_init ] --START--
INFO: Run Behavior\BuildLiteBehavior [ RunTime:0.000044s ]
INFO: [ app_init ] --END-- [ RunTime:0.000709s ]
ERR: 无法加载模块:EX2

