[ 2015-05-06T00:00:19+08:00 ] ::1 /Examination/Home/user/login/5702591@qq.com/123456
INFO: [ app_init ] --START--
INFO: Run Behavior\BuildLiteBehavior [ RunTime:0.000049s ]
INFO: [ app_init ] --END-- [ RunTime:0.000675s ]
INFO: [ app_begin ] --START--
INFO: Run Behavior\ReadHtmlCacheBehavior [ RunTime:0.000927s ]
INFO: [ app_begin ] --END-- [ RunTime:0.001189s ]
SQL: SHOW COLUMNS FROM `exa_user` [ RunTime:0.0576s ]
ERR: SQLSTATE[42000]: Syntax error or access violation: 1064 You have an error in your SQL syntax; check the manual that corresponds to your MySQL server version for the right syntax to use near 'AND `password`=da39a3ee5e6b4b0d3255bfef95601890afd80709 ) LIMIT 1' at line 1

[ 2015-05-06T00:00:38+08:00 ] ::1 /Examination/Home/user/login/5702591@qq.com/123456
INFO: [ app_init ] --START--
INFO: Run Behavior\BuildLiteBehavior [ RunTime:0.000060s ]
INFO: [ app_init ] --END-- [ RunTime:0.000906s ]
INFO: [ app_begin ] --START--
INFO: Run Behavior\ReadHtmlCacheBehavior [ RunTime:0.001483s ]
INFO: [ app_begin ] --END-- [ RunTime:0.001778s ]
SQL: SHOW COLUMNS FROM `exa_user` [ RunTime:0.0526s ]
SQL: SELECT * FROM `exa_user` WHERE ( `email`='' AND `password`='da39a3ee5e6b4b0d3255bfef95601890afd80709' ) LIMIT 1   [ RunTime:0.0004s ]
INFO: [ app_end ] --START--
INFO: Run Behavior\ShowPageTraceBehavior [ RunTime:0.014047s ]
INFO: [ app_end ] --END-- [ RunTime:0.014371s ]

[ 2015-05-06T00:00:53+08:00 ] ::1 /Examination/Home/user/login/5702591@qq.com/123456
INFO: [ app_init ] --START--
INFO: Run Behavior\BuildLiteBehavior [ RunTime:0.000057s ]
INFO: [ app_init ] --END-- [ RunTime:0.000859s ]
INFO: [ app_begin ] --START--
INFO: Run Behavior\ReadHtmlCacheBehavior [ RunTime:0.001059s ]
INFO: [ app_begin ] --END-- [ RunTime:0.001314s ]
SQL: SHOW COLUMNS FROM `exa_user` [ RunTime:0.0130s ]
SQL: SELECT * FROM `exa_user` WHERE ( `email`='' AND `password`='da39a3ee5e6b4b0d3255bfef95601890afd80709' ) LIMIT 1   [ RunTime:0.0006s ]
INFO: [ app_end ] --START--
INFO: Run Behavior\ShowPageTraceBehavior [ RunTime:0.001951s ]
INFO: [ app_end ] --END-- [ RunTime:0.002392s ]

[ 2015-05-06T00:01:15+08:00 ] ::1 /Examination/Home/user/login/5702591@qq.com/password/123456
INFO: [ app_init ] --START--
INFO: Run Behavior\BuildLiteBehavior [ RunTime:0.000029s ]
INFO: [ app_init ] --END-- [ RunTime:0.000479s ]
INFO: [ app_begin ] --START--
INFO: Run Behavior\ReadHtmlCacheBehavior [ RunTime:0.000546s ]
INFO: [ app_begin ] --END-- [ RunTime:0.000672s ]
SQL: SHOW COLUMNS FROM `exa_user` [ RunTime:0.0642s ]
SQL: SELECT * FROM `exa_user` WHERE ( `email`='' AND `password`='da39a3ee5e6b4b0d3255bfef95601890afd80709' ) LIMIT 1   [ RunTime:0.0008s ]
INFO: [ app_end ] --START--
INFO: Run Behavior\ShowPageTraceBehavior [ RunTime:0.002009s ]
INFO: [ app_end ] --END-- [ RunTime:0.002530s ]

[ 2015-05-06T00:01:23+08:00 ] ::1 /Examination/Home/user/login/email/5702591@qq.com/password/123456
INFO: [ app_init ] --START--
INFO: Run Behavior\BuildLiteBehavior [ RunTime:0.000031s ]
INFO: [ app_init ] --END-- [ RunTime:0.000476s ]
INFO: [ app_begin ] --START--
INFO: Run Behavior\ReadHtmlCacheBehavior [ RunTime:0.000921s ]
INFO: [ app_begin ] --END-- [ RunTime:0.001148s ]
SQL: SHOW COLUMNS FROM `exa_user` [ RunTime:0.0521s ]
SQL: SELECT * FROM `exa_user` WHERE ( `email`='5702591@qq.com' AND `password`='7c4a8d09ca3762af61e59520943dc26494f8941b' ) LIMIT 1   [ RunTime:0.0003s ]
INFO: [ app_end ] --START--
INFO: Run Behavior\ShowPageTraceBehavior [ RunTime:0.000803s ]
INFO: [ app_end ] --END-- [ RunTime:0.000939s ]

[ 2015-05-06T00:03:23+08:00 ] ::1 /Examination/Home/user/login/email/5702591@qq.com/password/123456
INFO: [ app_init ] --START--
INFO: Run Behavior\BuildLiteBehavior [ RunTime:0.000121s ]
INFO: [ app_init ] --END-- [ RunTime:0.002397s ]
INFO: [ app_begin ] --START--
INFO: Run Behavior\ReadHtmlCacheBehavior [ RunTime:0.002013s ]
INFO: [ app_begin ] --END-- [ RunTime:0.002494s ]
SQL: SHOW COLUMNS FROM `exa_user` [ RunTime:0.0149s ]
SQL: SELECT * FROM `exa_user` WHERE ( `email`='5702591@qq.com' AND `password`='7c4a8d09ca3762af61e59520943dc26494f8941b' ) LIMIT 1   [ RunTime:0.0009s ]
INFO: [ app_end ] --START--
INFO: Run Behavior\ShowPageTraceBehavior [ RunTime:0.001497s ]
INFO: [ app_end ] --END-- [ RunTime:0.001762s ]

[ 2015-05-06T00:03:33+08:00 ] ::1 /Examination/Home/user/login/email/5702591@qq.com/password/123456
INFO: [ app_init ] --START--
INFO: Run Behavior\BuildLiteBehavior [ RunTime:0.000130s ]
INFO: [ app_init ] --END-- [ RunTime:0.001716s ]
INFO: [ app_begin ] --START--
INFO: Run Behavior\ReadHtmlCacheBehavior [ RunTime:0.002552s ]
INFO: [ app_begin ] --END-- [ RunTime:0.003231s ]
SQL: SHOW COLUMNS FROM `exa_user` [ RunTime:0.0465s ]
SQL: SELECT * FROM `exa_user` WHERE ( `email`='5702591@qq.com' AND `password`='7c4a8d09ca3762af61e59520943dc26494f8941b' ) LIMIT 1   [ RunTime:0.0005s ]
INFO: [ app_end ] --START--
INFO: Run Behavior\ShowPageTraceBehavior [ RunTime:0.001837s ]
INFO: [ app_end ] --END-- [ RunTime:0.002262s ]

[ 2015-05-06T00:04:39+08:00 ] ::1 /Examination/Home/user/login/email/5702591@qq.com/password/123456
INFO: [ app_init ] --START--
INFO: Run Behavior\BuildLiteBehavior [ RunTime:0.000084s ]
INFO: [ app_init ] --END-- [ RunTime:0.001297s ]
INFO: [ app_begin ] --START--
INFO: Run Behavior\ReadHtmlCacheBehavior [ RunTime:0.001110s ]
INFO: [ app_begin ] --END-- [ RunTime:0.001361s ]
SQL: SHOW COLUMNS FROM `exa_user` [ RunTime:0.0080s ]
SQL: SELECT * FROM `exa_user` WHERE ( `email`='5702591@qq.com' AND `password`='7c4a8d09ca3762af61e59520943dc26494f8941b' ) LIMIT 1   [ RunTime:0.0004s ]
INFO: [ app_end ] --START--
INFO: Run Behavior\ShowPageTraceBehavior [ RunTime:0.000812s ]
INFO: [ app_end ] --END-- [ RunTime:0.000970s ]

[ 2015-05-06T00:04:53+08:00 ] ::1 /Examination/Home/user/login/email/5702591@qq.com/password/123456
INFO: [ app_init ] --START--
INFO: Run Behavior\BuildLiteBehavior [ RunTime:0.000090s ]
INFO: [ app_init ] --END-- [ RunTime:0.001377s ]
INFO: [ app_begin ] --START--
INFO: Run Behavior\ReadHtmlCacheBehavior [ RunTime:0.001756s ]
INFO: [ app_begin ] --END-- [ RunTime:0.002167s ]
SQL: SHOW COLUMNS FROM `exa_user` [ RunTime:0.0358s ]
SQL: SELECT * FROM `exa_user` WHERE ( `email`='5702591@qq.com' AND `password`='7c4a8d09ca3762af61e59520943dc26494f8941b' ) LIMIT 1   [ RunTime:0.0005s ]
INFO: [ app_end ] --START--
INFO: Run Behavior\ShowPageTraceBehavior [ RunTime:0.001150s ]
INFO: [ app_end ] --END-- [ RunTime:0.001378s ]

[ 2015-05-06T00:10:12+08:00 ] ::1 /Examination/Home/user/getuserbyid
INFO: [ app_init ] --START--
INFO: Run Behavior\BuildLiteBehavior [ RunTime:0.000028s ]
INFO: [ app_init ] --END-- [ RunTime:0.000465s ]
INFO: [ app_begin ] --START--
INFO: Run Behavior\ReadHtmlCacheBehavior [ RunTime:0.000551s ]
INFO: [ app_begin ] --END-- [ RunTime:0.000677s ]
ERR: 参数错误或者未定义:id

[ 2015-05-06T00:10:36+08:00 ] ::1 /Examination/Home/user/getuserbyid/id/3
INFO: [ app_init ] --START--
INFO: Run Behavior\BuildLiteBehavior [ RunTime:0.000049s ]
INFO: [ app_init ] --END-- [ RunTime:0.000670s ]
INFO: [ app_begin ] --START--
INFO: Run Behavior\ReadHtmlCacheBehavior [ RunTime:0.000881s ]
INFO: [ app_begin ] --END-- [ RunTime:0.001109s ]
SQL: SHOW COLUMNS FROM `exa_user` [ RunTime:0.0087s ]
SQL: SELECT `email` FROM `exa_user` WHERE ( id=3 ) LIMIT 1   [ RunTime:0.0003s ]
INFO: [ app_end ] --START--
INFO: Run Behavior\ShowPageTraceBehavior [ RunTime:0.000667s ]
INFO: [ app_end ] --END-- [ RunTime:0.000790s ]

[ 2015-05-06T00:10:59+08:00 ] ::1 /Examination/Home/user/getuserbyid/id/454473CA-E24A-B036-0F2A-73B1E1480317
INFO: [ app_init ] --START--
INFO: Run Behavior\BuildLiteBehavior [ RunTime:0.000027s ]
INFO: [ app_init ] --END-- [ RunTime:0.000579s ]
INFO: [ app_begin ] --START--
INFO: Run Behavior\ReadHtmlCacheBehavior [ RunTime:0.000558s ]
INFO: [ app_begin ] --END-- [ RunTime:0.000688s ]
SQL: SHOW COLUMNS FROM `exa_user` [ RunTime:0.0223s ]
ERR: SQLSTATE[42S22]: Column not found: 1054 Unknown column '454473CA' in 'where clause'

[ 2015-05-06T00:11:09+08:00 ] ::1 /Examination/Home/user/getuserbyid/id/454473CA-E24A-B036-0F2A-73B1E1480317
INFO: [ app_init ] --START--
INFO: Run Behavior\BuildLiteBehavior [ RunTime:0.000163s ]
INFO: [ app_init ] --END-- [ RunTime:0.003342s ]
INFO: [ app_begin ] --START--
INFO: Run Behavior\ReadHtmlCacheBehavior [ RunTime:0.001748s ]
INFO: [ app_begin ] --END-- [ RunTime:0.002184s ]
SQL: SHOW COLUMNS FROM `exa_user` [ RunTime:0.0141s ]
SQL: SELECT `email` FROM `exa_user` WHERE ( guid='454473CA-E24A-B036-0F2A-73B1E1480317' ) LIMIT 1   [ RunTime:0.0005s ]
INFO: [ app_end ] --START--
INFO: Run Behavior\ShowPageTraceBehavior [ RunTime:0.001233s ]
INFO: [ app_end ] --END-- [ RunTime:0.001482s ]

[ 2015-05-06T00:11:24+08:00 ] ::1 /Examination/Home/user/getuserbyguiid/id/454473CA-E24A-B036-0F2A-73B1E1480317
INFO: [ app_init ] --START--
INFO: Run Behavior\BuildLiteBehavior [ RunTime:0.000027s ]
INFO: [ app_init ] --END-- [ RunTime:0.000421s ]
INFO: [ app_begin ] --START--
INFO: Run Behavior\ReadHtmlCacheBehavior [ RunTime:0.000528s ]
INFO: [ app_begin ] --END-- [ RunTime:0.000658s ]
ERR: 非法操作:getuserbyguiid

[ 2015-05-06T00:11:27+08:00 ] ::1 /Examination/Home/user/getuserbyguid/id/454473CA-E24A-B036-0F2A-73B1E1480317
INFO: [ app_init ] --START--
INFO: Run Behavior\BuildLiteBehavior [ RunTime:0.000027s ]
INFO: [ app_init ] --END-- [ RunTime:0.000416s ]
INFO: [ app_begin ] --START--
INFO: Run Behavior\ReadHtmlCacheBehavior [ RunTime:0.000539s ]
INFO: [ app_begin ] --END-- [ RunTime:0.000663s ]
SQL: SHOW COLUMNS FROM `exa_user` [ RunTime:0.0078s ]
SQL: SELECT `email` FROM `exa_user` WHERE ( guid='454473CA-E24A-B036-0F2A-73B1E1480317' ) LIMIT 1   [ RunTime:0.0003s ]
INFO: [ app_end ] --START--
INFO: Run Behavior\ShowPageTraceBehavior [ RunTime:0.000660s ]
INFO: [ app_end ] --END-- [ RunTime:0.000788s ]

[ 2015-05-06T00:11:40+08:00 ] ::1 /Examination/Home/user/getuserbyguid/id/454473CA-E24A-B036-0F2A-73B1E1480317
INFO: [ app_init ] --START--
INFO: Run Behavior\BuildLiteBehavior [ RunTime:0.000080s ]
INFO: [ app_init ] --END-- [ RunTime:0.001333s ]
INFO: [ app_begin ] --START--
INFO: Run Behavior\ReadHtmlCacheBehavior [ RunTime:0.001975s ]
INFO: [ app_begin ] --END-- [ RunTime:0.002471s ]
SQL: SHOW COLUMNS FROM `exa_user` [ RunTime:0.0215s ]
SQL: SELECT `email` FROM `exa_user` WHERE ( guid='454473CA-E24A-B036-0F2A-73B1E1480317' ) LIMIT 1   [ RunTime:0.0007s ]
INFO: [ app_end ] --START--
INFO: Run Behavior\ShowPageTraceBehavior [ RunTime:0.001967s ]
INFO: [ app_end ] --END-- [ RunTime:0.002376s ]

[ 2015-05-06T00:11:45+08:00 ] ::1 /Examination/Home/user/getuserbyguiid/id/454473CA-E24A-B036-0F2A-73B1E1480317
INFO: [ app_init ] --START--
INFO: Run Behavior\BuildLiteBehavior [ RunTime:0.000029s ]
INFO: [ app_init ] --END-- [ RunTime:0.000469s ]
INFO: [ app_begin ] --START--
INFO: Run Behavior\ReadHtmlCacheBehavior [ RunTime:0.000546s ]
INFO: [ app_begin ] --END-- [ RunTime:0.000684s ]
ERR: 非法操作:getuserbyguiid

[ 2015-05-06T00:11:46+08:00 ] ::1 /Examination/Home/user/getuserbyid/id/454473CA-E24A-B036-0F2A-73B1E1480317
INFO: [ app_init ] --START--
INFO: Run Behavior\BuildLiteBehavior [ RunTime:0.000026s ]
INFO: [ app_init ] --END-- [ RunTime:0.000417s ]
INFO: [ app_begin ] --START--
INFO: Run Behavior\ReadHtmlCacheBehavior [ RunTime:0.000562s ]
INFO: [ app_begin ] --END-- [ RunTime:0.000696s ]
ERR: 非法操作:getuserbyid

[ 2015-05-06T00:11:47+08:00 ] ::1 /Examination/Home/user/getuserbyid/id/3
INFO: [ app_init ] --START--
INFO: Run Behavior\BuildLiteBehavior [ RunTime:0.000029s ]
INFO: [ app_init ] --END-- [ RunTime:0.000481s ]
INFO: [ app_begin ] --START--
INFO: Run Behavior\ReadHtmlCacheBehavior [ RunTime:0.000583s ]
INFO: [ app_begin ] --END-- [ RunTime:0.000723s ]
ERR: 非法操作:getuserbyid

[ 2015-05-06T00:11:48+08:00 ] ::1 /Examination/Home/user/getuserbyid
INFO: [ app_init ] --START--
INFO: Run Behavior\BuildLiteBehavior [ RunTime:0.000027s ]
INFO: [ app_init ] --END-- [ RunTime:0.000443s ]
INFO: [ app_begin ] --START--
INFO: Run Behavior\ReadHtmlCacheBehavior [ RunTime:0.000639s ]
INFO: [ app_begin ] --END-- [ RunTime:0.000784s ]
ERR: 非法操作:getuserbyid

[ 2015-05-06T00:11:49+08:00 ] ::1 /Examination/Home/user/login/email/5702591@qq.com/password/123456
INFO: [ app_init ] --START--
INFO: Run Behavior\BuildLiteBehavior [ RunTime:0.000028s ]
INFO: [ app_init ] --END-- [ RunTime:0.000473s ]
INFO: [ app_begin ] --START--
INFO: Run Behavior\ReadHtmlCacheBehavior [ RunTime:0.000580s ]
INFO: [ app_begin ] --END-- [ RunTime:0.000721s ]
SQL: SHOW COLUMNS FROM `exa_user` [ RunTime:0.0070s ]
SQL: SELECT * FROM `exa_user` WHERE ( `email`='5702591@qq.com' AND `password`='7c4a8d09ca3762af61e59520943dc26494f8941b' ) LIMIT 1   [ RunTime:0.0003s ]
INFO: [ app_end ] --START--
INFO: Run Behavior\ShowPageTraceBehavior [ RunTime:0.000850s ]
INFO: [ app_end ] --END-- [ RunTime:0.001002s ]

[ 2015-05-06T00:11:54+08:00 ] ::1 /Examination/Home/user/login/email/5702591@qq.com/password/123456
INFO: [ app_init ] --START--
INFO: Run Behavior\BuildLiteBehavior [ RunTime:0.000057s ]
INFO: [ app_init ] --END-- [ RunTime:0.000908s ]
INFO: [ app_begin ] --START--
INFO: Run Behavior\ReadHtmlCacheBehavior [ RunTime:0.001168s ]
INFO: [ app_begin ] --END-- [ RunTime:0.001440s ]
SQL: SHOW COLUMNS FROM `exa_user` [ RunTime:0.0473s ]
SQL: SELECT * FROM `exa_user` WHERE ( `email`='5702591@qq.com' AND `password`='7c4a8d09ca3762af61e59520943dc26494f8941b' ) LIMIT 1   [ RunTime:0.0006s ]
INFO: [ app_end ] --START--
INFO: Run Behavior\ShowPageTraceBehavior [ RunTime:0.001377s ]
INFO: [ app_end ] --END-- [ RunTime:0.001646s ]

[ 2015-05-06T00:11:55+08:00 ] ::1 /Examination/Home/user/login/email/5702591@qq.com/password/123456
INFO: [ app_init ] --START--
INFO: Run Behavior\BuildLiteBehavior [ RunTime:0.000056s ]
INFO: [ app_init ] --END-- [ RunTime:0.000911s ]
INFO: [ app_begin ] --START--
INFO: Run Behavior\ReadHtmlCacheBehavior [ RunTime:0.001719s ]
INFO: [ app_begin ] --END-- [ RunTime:0.002107s ]
SQL: SHOW COLUMNS FROM `exa_user` [ RunTime:0.0279s ]
SQL: SELECT * FROM `exa_user` WHERE ( `email`='5702591@qq.com' AND `password`='7c4a8d09ca3762af61e59520943dc26494f8941b' ) LIMIT 1   [ RunTime:0.0006s ]
INFO: [ app_end ] --START--
INFO: Run Behavior\ShowPageTraceBehavior [ RunTime:0.002003s ]
INFO: [ app_end ] --END-- [ RunTime:0.002492s ]

[ 2015-05-06T07:37:36+08:00 ] ::1 /Examination/
INFO: [ app_init ] --START--
INFO: Run Behavior\BuildLiteBehavior [ RunTime:0.000026s ]
INFO: [ app_init ] --END-- [ RunTime:0.000476s ]
INFO: [ app_begin ] --START--
INFO: Run Behavior\ReadHtmlCacheBehavior [ RunTime:0.000517s ]
INFO: [ app_begin ] --END-- [ RunTime:0.000644s ]
INFO: [ view_parse ] --START--
INFO: Run Behavior\ParseTemplateBehavior [ RunTime:0.007071s ]
INFO: [ view_parse ] --END-- [ RunTime:0.007444s ]
INFO: [ view_filter ] --START--
INFO: Run Behavior\WriteHtmlCacheBehavior [ RunTime:0.018300s ]
INFO: [ view_filter ] --END-- [ RunTime:0.018634s ]
INFO: [ app_end ] --START--
INFO: Run Behavior\ShowPageTraceBehavior [ RunTime:0.001335s ]
INFO: [ app_end ] --END-- [ RunTime:0.001620s ]

[ 2015-05-06T12:40:32+08:00 ] ::1 /Examination/
INFO: [ app_init ] --START--
INFO: Run Behavior\BuildLiteBehavior [ RunTime:0.000029s ]
INFO: [ app_init ] --END-- [ RunTime:0.004521s ]
INFO: [ app_begin ] --START--
INFO: Run Behavior\ReadHtmlCacheBehavior [ RunTime:0.004508s ]
INFO: [ app_begin ] --END-- [ RunTime:0.004637s ]
INFO: [ view_parse ] --START--
INFO: Run Behavior\ParseTemplateBehavior [ RunTime:0.021278s ]
INFO: [ view_parse ] --END-- [ RunTime:0.021403s ]
INFO: [ view_filter ] --START--
INFO: Run Behavior\WriteHtmlCacheBehavior [ RunTime:0.007774s ]
INFO: [ view_filter ] --END-- [ RunTime:0.007895s ]
INFO: [ app_end ] --START--
INFO: Run Behavior\ShowPageTraceBehavior [ RunTime:0.004185s ]
INFO: [ app_end ] --END-- [ RunTime:0.004309s ]

[ 2015-05-06T12:40:53+08:00 ] ::1 /Examination/Home/user/login/email/5702591@qq.com/password/123456
INFO: [ app_init ] --START--
INFO: Run Behavior\BuildLiteBehavior [ RunTime:0.000022s ]
INFO: [ app_init ] --END-- [ RunTime:0.000344s ]
INFO: [ app_begin ] --START--
INFO: Run Behavior\ReadHtmlCacheBehavior [ RunTime:0.000330s ]
INFO: [ app_begin ] --END-- [ RunTime:0.000441s ]
SQL: SHOW COLUMNS FROM `exa_user` [ RunTime:0.4866s ]
SQL: SELECT * FROM `exa_user` WHERE ( `email`='5702591@qq.com' AND `password`='7c4a8d09ca3762af61e59520943dc26494f8941b' ) LIMIT 1   [ RunTime:0.0607s ]
NOTIC: [2] Missing argument 1 for Think\Controller::ajaxReturn(), called in F:\wamp\www\Examination\Application\Home\Controller\UserController.class.php on line 55 and defined F:\wamp\www\Examination\ThinkPHP\Library\Think\Controller.class.php 第 210 行.
NOTIC: [8] Undefined variable: data F:\wamp\www\Examination\ThinkPHP\Library\Think\Controller.class.php 第 216 行.

[ 2015-05-06T12:41:17+08:00 ] ::1 /Examination/Home/user/login/email/5702591@qq.com/password/123456
INFO: [ app_init ] --START--
INFO: Run Behavior\BuildLiteBehavior [ RunTime:0.000051s ]
INFO: [ app_init ] --END-- [ RunTime:0.000770s ]
INFO: [ app_begin ] --START--
INFO: Run Behavior\ReadHtmlCacheBehavior [ RunTime:0.000801s ]
INFO: [ app_begin ] --END-- [ RunTime:0.001051s ]
SQL: SHOW COLUMNS FROM `exa_user` [ RunTime:0.0095s ]
SQL: SELECT * FROM `exa_user` WHERE ( `email`='5702591@qq.com' AND `password`='7c4a8d09ca3762af61e59520943dc26494f8941b' ) LIMIT 1   [ RunTime:0.0004s ]
NOTIC: [2] Missing argument 1 for Think\Controller::ajaxReturn(), called in F:\wamp\www\Examination\Application\Home\Controller\UserController.class.php on line 56 and defined F:\wamp\www\Examination\ThinkPHP\Library\Think\Controller.class.php 第 210 行.
NOTIC: [8] Undefined variable: data F:\wamp\www\Examination\ThinkPHP\Library\Think\Controller.class.php 第 216 行.

[ 2015-05-06T12:41:25+08:00 ] ::1 /Examination/Home/user/login/email/5702591@qq.com/password/123456
INFO: [ app_init ] --START--
INFO: Run Behavior\BuildLiteBehavior [ RunTime:0.000037s ]
INFO: [ app_init ] --END-- [ RunTime:0.000534s ]
INFO: [ app_begin ] --START--
INFO: Run Behavior\ReadHtmlCacheBehavior [ RunTime:0.000563s ]
INFO: [ app_begin ] --END-- [ RunTime:0.000734s ]
SQL: SHOW COLUMNS FROM `exa_user` [ RunTime:0.0554s ]
SQL: SELECT * FROM `exa_user` WHERE ( `email`='5702591@qq.com' AND `password`='7c4a8d09ca3762af61e59520943dc26494f8941b' ) LIMIT 1   [ RunTime:0.0011s ]

[ 2015-05-06T12:41:53+08:00 ] ::1 /Examination/Home/user/login/email/5702591@qq.com/password/123456
INFO: [ app_init ] --START--
INFO: Run Behavior\BuildLiteBehavior [ RunTime:0.000034s ]
INFO: [ app_init ] --END-- [ RunTime:0.000535s ]
INFO: [ app_begin ] --START--
INFO: Run Behavior\ReadHtmlCacheBehavior [ RunTime:0.000528s ]
INFO: [ app_begin ] --END-- [ RunTime:0.000683s ]
SQL: SHOW COLUMNS FROM `exa_user` [ RunTime:0.0464s ]
SQL: SELECT * FROM `exa_user` WHERE ( `email`='5702591@qq.com' AND `password`='7c4a8d09ca3762af61e59520943dc26494f8941b' ) LIMIT 1   [ RunTime:0.0004s ]

[ 2015-05-06T12:43:35+08:00 ] ::1 /Examination/Home/user/register/email/597055914@qq.com/password/123456
INFO: [ app_init ] --START--
INFO: Run Behavior\BuildLiteBehavior [ RunTime:0.000030s ]
INFO: [ app_init ] --END-- [ RunTime:0.000571s ]
INFO: [ app_begin ] --START--
INFO: Run Behavior\ReadHtmlCacheBehavior [ RunTime:0.000619s ]
INFO: [ app_begin ] --END-- [ RunTime:0.000783s ]
NOTIC: [8] Undefined variable: verifycode F:\wamp\www\Examination\Application\Home\Controller\UserController.class.php 第 28 行.
SQL: SHOW COLUMNS FROM `exa_user` [ RunTime:0.0071s ]
SQL: INSERT INTO `exa_user` (`email`,`password`,`guid`) VALUES ('597055914@qq.com','7c4a8d09ca3762af61e59520943dc26494f8941b','A988D887-C591-0883-D363-93A80EF1C0A5') [ RunTime:0.0528s ]
NOTIC: [8] Undefined variable: This F:\wamp\www\Examination\Application\Home\Controller\UserController.class.php 第 42 行.

[ 2015-05-06T12:43:45+08:00 ] ::1 /Examination/Home/user/register/email/597055914@qq.com/password/123456
INFO: [ app_init ] --START--
INFO: Run Behavior\BuildLiteBehavior [ RunTime:0.000030s ]
INFO: [ app_init ] --END-- [ RunTime:0.001078s ]
INFO: [ app_begin ] --START--
INFO: Run Behavior\ReadHtmlCacheBehavior [ RunTime:0.000540s ]
INFO: [ app_begin ] --END-- [ RunTime:0.000674s ]
NOTIC: [8] Undefined variable: verifycode F:\wamp\www\Examination\Application\Home\Controller\UserController.class.php 第 28 行.
SQL: SHOW COLUMNS FROM `exa_user` [ RunTime:0.0073s ]
SQL: INSERT INTO `exa_user` (`email`,`password`,`guid`) VALUES ('597055914@qq.com','7c4a8d09ca3762af61e59520943dc26494f8941b','7D03FD7E-EEFA-B63D-9986-024B56BEFFB2') [ RunTime:0.0538s ]

[ 2015-05-06T12:46:37+08:00 ] ::1 /Examination/Home/user/register/email/597055914@qq.com/password/123456
INFO: [ app_init ] --START--
INFO: Run Behavior\BuildLiteBehavior [ RunTime:0.000081s ]
INFO: [ app_init ] --END-- [ RunTime:0.001414s ]
INFO: [ app_begin ] --START--
INFO: Run Behavior\ReadHtmlCacheBehavior [ RunTime:0.001776s ]
INFO: [ app_begin ] --END-- [ RunTime:0.002127s ]
NOTIC: [8] Undefined variable: verifycode F:\wamp\www\Examination\Application\Home\Controller\UserController.class.php 第 28 行.
SQL: SHOW COLUMNS FROM `exa_user` [ RunTime:0.0134s ]
SQL: SELECT * FROM `exa_user` WHERE `email` = '597055914@qq.com' LIMIT 1   [ RunTime:0.0007s ]

[ 2015-05-06T12:48:38+08:00 ] ::1 /Examination/Home/user/login/email/5702591@qq.com/password/123456
INFO: [ app_init ] --START--
INFO: Run Behavior\BuildLiteBehavior [ RunTime:0.000033s ]
INFO: [ app_init ] --END-- [ RunTime:0.000649s ]
INFO: [ app_begin ] --START--
INFO: Run Behavior\ReadHtmlCacheBehavior [ RunTime:0.000842s ]
INFO: [ app_begin ] --END-- [ RunTime:0.001020s ]
SQL: SHOW COLUMNS FROM `exa_user` [ RunTime:0.0371s ]
SQL: SELECT * FROM `exa_user` WHERE ( `email`='5702591@qq.com' AND `password`='7c4a8d09ca3762af61e59520943dc26494f8941b' ) LIMIT 1   [ RunTime:0.0009s ]

[ 2015-05-06T12:48:54+08:00 ] ::1 /Examination/Home/user/login/email/597055914@qq.com/password/123456
INFO: [ app_init ] --START--
INFO: Run Behavior\BuildLiteBehavior [ RunTime:0.000022s ]
INFO: [ app_init ] --END-- [ RunTime:0.000357s ]
INFO: [ app_begin ] --START--
INFO: Run Behavior\ReadHtmlCacheBehavior [ RunTime:0.000551s ]
INFO: [ app_begin ] --END-- [ RunTime:0.000692s ]
SQL: SHOW COLUMNS FROM `exa_user` [ RunTime:0.0067s ]
SQL: SELECT * FROM `exa_user` WHERE ( `email`='597055914@qq.com' AND `password`='7c4a8d09ca3762af61e59520943dc26494f8941b' ) LIMIT 1   [ RunTime:0.0003s ]

[ 2015-05-06T12:49:01+08:00 ] ::1 /Examination/Home/user/login/email/597055914qq.com/password/123456
INFO: [ app_init ] --START--
INFO: Run Behavior\BuildLiteBehavior [ RunTime:0.000038s ]
INFO: [ app_init ] --END-- [ RunTime:0.000570s ]
INFO: [ app_begin ] --START--
INFO: Run Behavior\ReadHtmlCacheBehavior [ RunTime:0.000812s ]
INFO: [ app_begin ] --END-- [ RunTime:0.000990s ]
SQL: SHOW COLUMNS FROM `exa_user` [ RunTime:0.0069s ]
SQL: SELECT * FROM `exa_user` WHERE ( `email`='597055914qq.com' AND `password`='7c4a8d09ca3762af61e59520943dc26494f8941b' ) LIMIT 1   [ RunTime:0.0003s ]

[ 2015-05-06T12:49:05+08:00 ] ::1 /Examination/Home/user/login/email/597055914@qq.com/password/123456
INFO: [ app_init ] --START--
INFO: Run Behavior\BuildLiteBehavior [ RunTime:0.000023s ]
INFO: [ app_init ] --END-- [ RunTime:0.000347s ]
INFO: [ app_begin ] --START--
INFO: Run Behavior\ReadHtmlCacheBehavior [ RunTime:0.000521s ]
INFO: [ app_begin ] --END-- [ RunTime:0.000655s ]
SQL: SHOW COLUMNS FROM `exa_user` [ RunTime:0.0110s ]
SQL: SELECT * FROM `exa_user` WHERE ( `email`='597055914@qq.com' AND `password`='7c4a8d09ca3762af61e59520943dc26494f8941b' ) LIMIT 1   [ RunTime:0.0004s ]

[ 2015-05-06T12:52:17+08:00 ] ::1 /Examination/Home/user/register/email/86705096@qq.com/password/123456
INFO: [ app_init ] --START--
INFO: Run Behavior\BuildLiteBehavior [ RunTime:0.000022s ]
INFO: [ app_init ] --END-- [ RunTime:0.000350s ]
INFO: [ app_begin ] --START--
INFO: Run Behavior\ReadHtmlCacheBehavior [ RunTime:0.000510s ]
INFO: [ app_begin ] --END-- [ RunTime:0.000640s ]
NOTIC: [8] Undefined variable: verifycode F:\wamp\www\Examination\Application\Home\Controller\UserController.class.php 第 28 行.
SQL: SHOW COLUMNS FROM `exa_user` [ RunTime:0.0157s ]
SQL: SELECT * FROM `exa_user` WHERE `email` = '86705096@qq.com' LIMIT 1   [ RunTime:0.0003s ]
SQL: INSERT INTO `exa_user` (`email`,`password`,`guid`,`nickname`) VALUES ('86705096@qq.com','sha1','216AF818-26D1-DFD5-7809-0C5D24C7D995','蛤蛤') [ RunTime:0.0489s ]

[ 2015-05-06T12:52:52+08:00 ] ::1 /Examination/Home/user/register/email/86705096@qq.com/password/123456
INFO: [ app_init ] --START--
INFO: Run Behavior\BuildLiteBehavior [ RunTime:0.000025s ]
INFO: [ app_init ] --END-- [ RunTime:0.000408s ]
INFO: [ app_begin ] --START--
INFO: Run Behavior\ReadHtmlCacheBehavior [ RunTime:0.000581s ]
INFO: [ app_begin ] --END-- [ RunTime:0.000717s ]
NOTIC: [8] Undefined variable: verifycode F:\wamp\www\Examination\Application\Home\Controller\UserController.class.php 第 28 行.
SQL: SHOW COLUMNS FROM `exa_user` [ RunTime:0.0081s ]
SQL: SELECT * FROM `exa_user` WHERE `email` = '86705096@qq.com' LIMIT 1   [ RunTime:0.0005s ]

[ 2015-05-06T23:25:24+08:00 ] ::1 /Examination/
INFO: [ app_init ] --START--
INFO: Run Behavior\BuildLiteBehavior [ RunTime:0.000065s ]
INFO: [ app_init ] --END-- [ RunTime:0.057299s ]
INFO: [ app_begin ] --START--
INFO: Run Behavior\ReadHtmlCacheBehavior [ RunTime:0.023976s ]
INFO: [ app_begin ] --END-- [ RunTime:0.024636s ]
INFO: [ view_parse ] --START--
INFO: Run Behavior\ParseTemplateBehavior [ RunTime:0.020830s ]
INFO: [ view_parse ] --END-- [ RunTime:0.021273s ]
INFO: [ view_filter ] --START--
INFO: Run Behavior\WriteHtmlCacheBehavior [ RunTime:0.030042s ]
INFO: [ view_filter ] --END-- [ RunTime:0.030658s ]
INFO: [ app_end ] --START--
INFO: Run Behavior\ShowPageTraceBehavior [ RunTime:0.014220s ]
INFO: [ app_end ] --END-- [ RunTime:0.014768s ]

[ 2015-05-06T23:36:57+08:00 ] ::1 /Examination/home/options/getrAll
INFO: [ app_init ] --START--
INFO: Run Behavior\BuildLiteBehavior [ RunTime:0.000026s ]
INFO: [ app_init ] --END-- [ RunTime:0.000441s ]
INFO: [ app_begin ] --START--
INFO: Run Behavior\ReadHtmlCacheBehavior [ RunTime:0.000556s ]
INFO: [ app_begin ] --END-- [ RunTime:0.000696s ]

[ 2015-05-06T23:37:29+08:00 ] ::1 /Examination/home/options/getrAll
INFO: [ app_init ] --START--
INFO: Run Behavior\BuildLiteBehavior [ RunTime:0.000085s ]
INFO: [ app_init ] --END-- [ RunTime:0.001579s ]
INFO: [ app_begin ] --START--
INFO: Run Behavior\ReadHtmlCacheBehavior [ RunTime:0.001825s ]
INFO: [ app_begin ] --END-- [ RunTime:0.002335s ]
ERR: 无法加载控制器:Options

[ 2015-05-06T23:39:34+08:00 ] ::1 /Examination/home/options/getrAll
INFO: [ app_init ] --START--
INFO: Run Behavior\BuildLiteBehavior [ RunTime:0.000050s ]
INFO: [ app_init ] --END-- [ RunTime:0.000853s ]
INFO: [ app_begin ] --START--
INFO: Run Behavior\ReadHtmlCacheBehavior [ RunTime:0.001071s ]
INFO: [ app_begin ] --END-- [ RunTime:0.001327s ]
ERR: 无法加载控制器:Options

[ 2015-05-06T23:39:35+08:00 ] ::1 /Examination/home/options/getrAll
INFO: [ app_init ] --START--
INFO: Run Behavior\BuildLiteBehavior [ RunTime:0.000081s ]
INFO: [ app_init ] --END-- [ RunTime:0.001543s ]
INFO: [ app_begin ] --START--
INFO: Run Behavior\ReadHtmlCacheBehavior [ RunTime:0.001831s ]
INFO: [ app_begin ] --END-- [ RunTime:0.002285s ]
ERR: 无法加载控制器:Options

[ 2015-05-06T23:39:35+08:00 ] ::1 /Examination/home/options/getrAll
INFO: [ app_init ] --START--
INFO: Run Behavior\BuildLiteBehavior [ RunTime:0.000058s ]
INFO: [ app_init ] --END-- [ RunTime:0.000947s ]
INFO: [ app_begin ] --START--
INFO: Run Behavior\ReadHtmlCacheBehavior [ RunTime:0.001205s ]
INFO: [ app_begin ] --END-- [ RunTime:0.001520s ]
ERR: 无法加载控制器:Options

[ 2015-05-06T23:39:35+08:00 ] ::1 /Examination/home/options/getrAll
INFO: [ app_init ] --START--
INFO: Run Behavior\BuildLiteBehavior [ RunTime:0.000028s ]
INFO: [ app_init ] --END-- [ RunTime:0.000515s ]
INFO: [ app_begin ] --START--
INFO: Run Behavior\ReadHtmlCacheBehavior [ RunTime:0.000596s ]
INFO: [ app_begin ] --END-- [ RunTime:0.000739s ]
ERR: 无法加载控制器:Options

[ 2015-05-06T23:39:36+08:00 ] ::1 /Examination/home/options/getrAll
INFO: [ app_init ] --START--
INFO: Run Behavior\BuildLiteBehavior [ RunTime:0.000132s ]
INFO: [ app_init ] --END-- [ RunTime:0.002008s ]
INFO: [ app_begin ] --START--
INFO: Run Behavior\ReadHtmlCacheBehavior [ RunTime:0.002512s ]
INFO: [ app_begin ] --END-- [ RunTime:0.003159s ]
ERR: 无法加载控制器:Options

[ 2015-05-06T23:39:36+08:00 ] ::1 /Examination/home/options/getrAll
INFO: [ app_init ] --START--
INFO: Run Behavior\BuildLiteBehavior [ RunTime:0.000097s ]
INFO: [ app_init ] --END-- [ RunTime:0.001729s ]
INFO: [ app_begin ] --START--
INFO: Run Behavior\ReadHtmlCacheBehavior [ RunTime:0.001654s ]
INFO: [ app_begin ] --END-- [ RunTime:0.002097s ]
ERR: 无法加载控制器:Options

[ 2015-05-06T23:39:36+08:00 ] ::1 /Examination/home/options/getrAll
INFO: [ app_init ] --START--
INFO: Run Behavior\BuildLiteBehavior [ RunTime:0.000031s ]
INFO: [ app_init ] --END-- [ RunTime:0.000529s ]
INFO: [ app_begin ] --START--
INFO: Run Behavior\ReadHtmlCacheBehavior [ RunTime:0.000596s ]
INFO: [ app_begin ] --END-- [ RunTime:0.000744s ]
ERR: 无法加载控制器:Options

[ 2015-05-06T23:39:36+08:00 ] ::1 /Examination/home/options/getrAll
INFO: [ app_init ] --START--
INFO: Run Behavior\BuildLiteBehavior [ RunTime:0.000046s ]
INFO: [ app_init ] --END-- [ RunTime:0.000577s ]
INFO: [ app_begin ] --START--
INFO: Run Behavior\ReadHtmlCacheBehavior [ RunTime:0.000660s ]
INFO: [ app_begin ] --END-- [ RunTime:0.000889s ]
ERR: 无法加载控制器:Options

[ 2015-05-06T23:39:36+08:00 ] ::1 /Examination/home/options/getrAll
INFO: [ app_init ] --START--
INFO: Run Behavior\BuildLiteBehavior [ RunTime:0.000052s ]
INFO: [ app_init ] --END-- [ RunTime:0.000933s ]
INFO: [ app_begin ] --START--
INFO: Run Behavior\ReadHtmlCacheBehavior [ RunTime:0.001309s ]
INFO: [ app_begin ] --END-- [ RunTime:0.001633s ]
ERR: 无法加载控制器:Options

[ 2015-05-06T23:39:36+08:00 ] ::1 /Examination/home/options/getrAll
INFO: [ app_init ] --START--
INFO: Run Behavior\BuildLiteBehavior [ RunTime:0.000035s ]
INFO: [ app_init ] --END-- [ RunTime:0.000679s ]
INFO: [ app_begin ] --START--
INFO: Run Behavior\ReadHtmlCacheBehavior [ RunTime:0.001051s ]
INFO: [ app_begin ] --END-- [ RunTime:0.001366s ]
ERR: 无法加载控制器:Options

[ 2015-05-06T23:39:45+08:00 ] ::1 /Examination/home/options/
INFO: [ app_init ] --START--
INFO: Run Behavior\BuildLiteBehavior [ RunTime:0.000026s ]
INFO: [ app_init ] --END-- [ RunTime:0.000462s ]
INFO: [ app_begin ] --START--
INFO: Run Behavior\ReadHtmlCacheBehavior [ RunTime:0.000521s ]
INFO: [ app_begin ] --END-- [ RunTime:0.000654s ]
ERR: 无法加载控制器:Options

[ 2015-05-06T23:40:08+08:00 ] ::1 /Examination/home/options/
INFO: [ app_init ] --START--
INFO: Run Behavior\BuildLiteBehavior [ RunTime:0.000043s ]
INFO: [ app_init ] --END-- [ RunTime:0.000714s ]
INFO: [ app_begin ] --START--
INFO: Run Behavior\ReadHtmlCacheBehavior [ RunTime:0.000827s ]
INFO: [ app_begin ] --END-- [ RunTime:0.001153s ]
ERR: 无法加载控制器:Options

[ 2015-05-06T23:40:13+08:00 ] ::1 /Examination/Home/options/
INFO: [ app_init ] --START--
INFO: Run Behavior\BuildLiteBehavior [ RunTime:0.000028s ]
INFO: [ app_init ] --END-- [ RunTime:0.000871s ]
INFO: [ app_begin ] --START--
INFO: Run Behavior\ReadHtmlCacheBehavior [ RunTime:0.000498s ]
INFO: [ app_begin ] --END-- [ RunTime:0.000631s ]
ERR: 无法加载控制器:Options

[ 2015-05-06T23:40:17+08:00 ] ::1 /Examination/Home/Options
INFO: [ app_init ] --START--
INFO: Run Behavior\BuildLiteBehavior [ RunTime:0.000027s ]
INFO: [ app_init ] --END-- [ RunTime:0.000437s ]
INFO: [ app_begin ] --START--
INFO: Run Behavior\ReadHtmlCacheBehavior [ RunTime:0.000473s ]
INFO: [ app_begin ] --END-- [ RunTime:0.000594s ]
ERR: 无法加载控制器:Options

[ 2015-05-06T23:40:25+08:00 ] ::1 /Examination/Home/user/register/nickname/fuck/password/123456
INFO: [ app_init ] --START--
INFO: Run Behavior\BuildLiteBehavior [ RunTime:0.000027s ]
INFO: [ app_init ] --END-- [ RunTime:0.000459s ]
INFO: [ app_begin ] --START--
INFO: Run Behavior\ReadHtmlCacheBehavior [ RunTime:0.000504s ]
INFO: [ app_begin ] --END-- [ RunTime:0.000629s ]
NOTIC: [8] Undefined variable: verifycode F:\wamp\www\Examination\Application\Home\Controller\UserController.class.php 第 28 行.
SQL: SHOW COLUMNS FROM `exa_user` [ RunTime:0.0258s ]

[ 2015-05-06T23:40:29+08:00 ] ::1 /Examination/Home/user/
INFO: [ app_init ] --START--
INFO: Run Behavior\BuildLiteBehavior [ RunTime:0.000028s ]
INFO: [ app_init ] --END-- [ RunTime:0.000465s ]
INFO: [ app_begin ] --START--
INFO: Run Behavior\ReadHtmlCacheBehavior [ RunTime:0.000521s ]
INFO: [ app_begin ] --END-- [ RunTime:0.000644s ]
INFO: [ app_end ] --START--
INFO: Run Behavior\ShowPageTraceBehavior [ RunTime:0.000644s ]
INFO: [ app_end ] --END-- [ RunTime:0.000765s ]

[ 2015-05-06T23:40:35+08:00 ] ::1 /Examination/Home/options
INFO: [ app_init ] --START--
INFO: Run Behavior\BuildLiteBehavior [ RunTime:0.000028s ]
INFO: [ app_init ] --END-- [ RunTime:0.000462s ]
INFO: [ app_begin ] --START--
INFO: Run Behavior\ReadHtmlCacheBehavior [ RunTime:0.000490s ]
INFO: [ app_begin ] --END-- [ RunTime:0.000612s ]
ERR: 无法加载控制器:Options

[ 2015-05-06T23:42:25+08:00 ] ::1 /Examination/Home/options
INFO: [ app_init ] --START--
INFO: Run Behavior\BuildLiteBehavior [ RunTime:0.000027s ]
INFO: [ app_init ] --END-- [ RunTime:0.000448s ]
INFO: [ app_begin ] --START--
INFO: Run Behavior\ReadHtmlCacheBehavior [ RunTime:0.000639s ]
INFO: [ app_begin ] --END-- [ RunTime:0.000782s ]
INFO: [ view_parse ] --START--
INFO: [ template_filter ] --START--
INFO: Run Behavior\ContentReplaceBehavior [ RunTime:0.000174s ]
INFO: [ template_filter ] --END-- [ RunTime:0.000576s ]
INFO: Run Behavior\ParseTemplateBehavior [ RunTime:0.147231s ]
INFO: [ view_parse ] --END-- [ RunTime:0.147547s ]
INFO: [ view_filter ] --START--
INFO: Run Behavior\WriteHtmlCacheBehavior [ RunTime:0.001467s ]
INFO: [ view_filter ] --END-- [ RunTime:0.001839s ]
INFO: [ app_end ] --START--
INFO: Run Behavior\ShowPageTraceBehavior [ RunTime:0.001823s ]
INFO: [ app_end ] --END-- [ RunTime:0.002199s ]

[ 2015-05-06T23:42:29+08:00 ] ::1 /Examination/home/options/getrAll
INFO: [ app_init ] --START--
INFO: Run Behavior\BuildLiteBehavior [ RunTime:0.000026s ]
INFO: [ app_init ] --END-- [ RunTime:0.000435s ]
INFO: [ app_begin ] --START--
INFO: Run Behavior\ReadHtmlCacheBehavior [ RunTime:0.000473s ]
INFO: [ app_begin ] --END-- [ RunTime:0.000597s ]
ERR: 非法操作:getrAll

[ 2015-05-06T23:42:33+08:00 ] ::1 /Examination/home/options/getAll
INFO: [ app_init ] --START--
INFO: Run Behavior\BuildLiteBehavior [ RunTime:0.000029s ]
INFO: [ app_init ] --END-- [ RunTime:0.000471s ]
INFO: [ app_begin ] --START--
INFO: Run Behavior\ReadHtmlCacheBehavior [ RunTime:0.000521s ]
INFO: [ app_begin ] --END-- [ RunTime:0.000657s ]
SQL: SHOW COLUMNS FROM `exa_options` [ RunTime:0.0283s ]
SQL: SELECT `options_name`,`options_value` FROM `exa_options`  [ RunTime:0.0003s ]

[ 2015-05-06T23:51:03+08:00 ] ::1 /Examination/home/options/writeRule/rulename/fuck/rulevalue/shit
INFO: [ app_init ] --START--
INFO: Run Behavior\BuildLiteBehavior [ RunTime:0.000027s ]
INFO: [ app_init ] --END-- [ RunTime:0.000503s ]
INFO: [ app_begin ] --START--
INFO: Run Behavior\ReadHtmlCacheBehavior [ RunTime:0.000527s ]
INFO: [ app_begin ] --END-- [ RunTime:0.000648s ]
SQL: SHOW COLUMNS FROM `exa_options` [ RunTime:0.0573s ]
SQL: INSERT INTO `exa_options` (`options_name`,`options_value`) VALUES ('fuck','shit') [ RunTime:0.1041s ]

[ 2015-05-06T23:52:10+08:00 ] ::1 /Examination/home/options/writeRule/rulename/fuck/rulevalue/shit
INFO: [ app_init ] --START--
INFO: Run Behavior\BuildLiteBehavior [ RunTime:0.000145s ]
INFO: [ app_init ] --END-- [ RunTime:0.002189s ]
INFO: [ app_begin ] --START--
INFO: Run Behavior\ReadHtmlCacheBehavior [ RunTime:0.001159s ]
INFO: [ app_begin ] --END-- [ RunTime:0.001624s ]
SQL: SHOW COLUMNS FROM `exa_options` [ RunTime:0.0648s ]
SQL: INSERT INTO `exa_options` (`options_name`,`options_value`) VALUES ('fuck','shit') [ RunTime:0.0567s ]

[ 2015-05-06T23:52:39+08:00 ] ::1 /Examination/home/options/writeRule/rulename/fuck/rulevale/shit
INFO: [ app_init ] --START--
INFO: Run Behavior\BuildLiteBehavior [ RunTime:0.000026s ]
INFO: [ app_init ] --END-- [ RunTime:0.000456s ]
INFO: [ app_begin ] --START--
INFO: Run Behavior\ReadHtmlCacheBehavior [ RunTime:0.000505s ]
INFO: [ app_begin ] --END-- [ RunTime:0.000625s ]
SQL: SHOW COLUMNS FROM `exa_options` [ RunTime:0.0407s ]
SQL: INSERT INTO `exa_options` (`options_name`,`options_value`) VALUES ('fuck','') [ RunTime:0.0717s ]

[ 2015-05-06T23:54:34+08:00 ] ::1 /Examination/home/options/writeRule/rulename/fuck/rulevale/shit
INFO: [ app_init ] --START--
INFO: Run Behavior\BuildLiteBehavior [ RunTime:0.000099s ]
INFO: [ app_init ] --END-- [ RunTime:0.001405s ]
INFO: [ app_begin ] --START--
INFO: Run Behavior\ReadHtmlCacheBehavior [ RunTime:0.000941s ]
INFO: [ app_begin ] --END-- [ RunTime:0.001167s ]
SQL: SHOW COLUMNS FROM `exa_options` [ RunTime:0.1200s ]
SQL: INSERT INTO `exa_options` (`options_name`,`options_value`) VALUES ('fuck','') [ RunTime:0.0459s ]

[ 2015-05-06T23:55:15+08:00 ] ::1 /Examination/home/options/writeRule/rulename/fuck/rulevale/shit
INFO: [ app_init ] --START--
INFO: Run Behavior\BuildLiteBehavior [ RunTime:0.000097s ]
INFO: [ app_init ] --END-- [ RunTime:0.001417s ]
INFO: [ app_begin ] --START--
INFO: Run Behavior\ReadHtmlCacheBehavior [ RunTime:0.001673s ]
INFO: [ app_begin ] --END-- [ RunTime:0.002139s ]
SQL: SHOW COLUMNS FROM `exa_options` [ RunTime:0.0690s ]
SQL: INSERT INTO `exa_options` (`options_name`,`options_value`) VALUES ('fuck','') [ RunTime:0.0447s ]

[ 2015-05-06T23:55:20+08:00 ] ::1 /Examination/home/options/writeRule/rulename/fuk/rulevale/shit
INFO: [ app_init ] --START--
INFO: Run Behavior\BuildLiteBehavior [ RunTime:0.000027s ]
INFO: [ app_init ] --END-- [ RunTime:0.000436s ]
INFO: [ app_begin ] --START--
INFO: Run Behavior\ReadHtmlCacheBehavior [ RunTime:0.000470s ]
INFO: [ app_begin ] --END-- [ RunTime:0.000594s ]
SQL: SHOW COLUMNS FROM `exa_options` [ RunTime:0.0567s ]
SQL: INSERT INTO `exa_options` (`options_name`,`options_value`) VALUES ('fuk','') [ RunTime:0.0395s ]

[ 2015-05-06T23:55:23+08:00 ] ::1 /Examination/home/options/writeRule/rulename/fuk/rulevale/shit
INFO: [ app_init ] --START--
INFO: Run Behavior\BuildLiteBehavior [ RunTime:0.000048s ]
INFO: [ app_init ] --END-- [ RunTime:0.000857s ]
INFO: [ app_begin ] --START--
INFO: Run Behavior\ReadHtmlCacheBehavior [ RunTime:0.001005s ]
INFO: [ app_begin ] --END-- [ RunTime:0.001273s ]
SQL: SHOW COLUMNS FROM `exa_options` [ RunTime:0.0122s ]
SQL: INSERT INTO `exa_options` (`options_name`,`options_value`) VALUES ('fuk','') [ RunTime:0.0854s ]

[ 2015-05-06T23:55:34+08:00 ] ::1 /Examination/home/options/writeRule/rulename/fuk/rulevale/shit
INFO: [ app_init ] --START--
INFO: Run Behavior\BuildLiteBehavior [ RunTime:0.000155s ]
INFO: [ app_init ] --END-- [ RunTime:0.002075s ]
INFO: [ app_begin ] --START--
INFO: Run Behavior\ReadHtmlCacheBehavior [ RunTime:0.001556s ]
INFO: [ app_begin ] --END-- [ RunTime:0.001958s ]
INFO: [ app_end ] --START--
INFO: Run Behavior\ShowPageTraceBehavior [ RunTime:0.002031s ]
INFO: [ app_end ] --END-- [ RunTime:0.002614s ]

[ 2015-05-06T23:57:25+08:00 ] ::1 /Examination/home/options/writeRule/rulename/fuk/rulevale/shit
INFO: [ app_init ] --START--
INFO: Run Behavior\BuildLiteBehavior [ RunTime:0.000052s ]
INFO: [ app_init ] --END-- [ RunTime:0.000887s ]
INFO: [ app_begin ] --START--
INFO: Run Behavior\ReadHtmlCacheBehavior [ RunTime:0.001116s ]
INFO: [ app_begin ] --END-- [ RunTime:0.001380s ]
SQL: SHOW COLUMNS FROM `exa_options` [ RunTime:0.0135s ]
SQL: INSERT INTO `exa_options` (`options_name`,`options_value`) VALUES ('fuk','') [ RunTime:0.0692s ]

[ 2015-05-06T23:57:27+08:00 ] ::1 /Examination/home/options/writeRule/rulename/fuk/rulevale/shit
INFO: [ app_init ] --START--
INFO: Run Behavior\BuildLiteBehavior [ RunTime:0.000085s ]
INFO: [ app_init ] --END-- [ RunTime:0.001529s ]
INFO: [ app_begin ] --START--
INFO: Run Behavior\ReadHtmlCacheBehavior [ RunTime:0.002370s ]
INFO: [ app_begin ] --END-- [ RunTime:0.003393s ]
SQL: SHOW COLUMNS FROM `exa_options` [ RunTime:0.0516s ]
SQL: INSERT INTO `exa_options` (`options_name`,`options_value`) VALUES ('fuk','') [ RunTime:0.0458s ]

[ 2015-05-06T23:57:28+08:00 ] ::1 /Examination/home/options/writeRule/rulename/fuk/rulevale/shit
INFO: [ app_init ] --START--
INFO: Run Behavior\BuildLiteBehavior [ RunTime:0.000049s ]
INFO: [ app_init ] --END-- [ RunTime:0.000813s ]
INFO: [ app_begin ] --START--
INFO: Run Behavior\ReadHtmlCacheBehavior [ RunTime:0.001249s ]
INFO: [ app_begin ] --END-- [ RunTime:0.001501s ]
SQL: SHOW COLUMNS FROM `exa_options` [ RunTime:0.0397s ]
SQL: INSERT INTO `exa_options` (`options_name`,`options_value`) VALUES ('fuk','') [ RunTime:0.1138s ]

[ 2015-05-06T23:57:29+08:00 ] ::1 /Examination/home/options/writeRule/rulename/fuk/rulevale/shit
INFO: [ app_init ] --START--
INFO: Run Behavior\BuildLiteBehavior [ RunTime:0.000051s ]
INFO: [ app_init ] --END-- [ RunTime:0.000901s ]
INFO: [ app_begin ] --START--
INFO: Run Behavior\ReadHtmlCacheBehavior [ RunTime:0.000974s ]
INFO: [ app_begin ] --END-- [ RunTime:0.001245s ]
SQL: SHOW COLUMNS FROM `exa_options` [ RunTime:0.0752s ]
SQL: INSERT INTO `exa_options` (`options_name`,`options_value`) VALUES ('fuk','') [ RunTime:0.0558s ]

[ 2015-05-06T23:57:39+08:00 ] ::1 /Examination/home/options/writRule/rulename/fuk/rulevale/shit
INFO: [ app_init ] --START--
INFO: Run Behavior\BuildLiteBehavior [ RunTime:0.000026s ]
INFO: [ app_init ] --END-- [ RunTime:0.000444s ]
INFO: [ app_begin ] --START--
INFO: Run Behavior\ReadHtmlCacheBehavior [ RunTime:0.000502s ]
INFO: [ app_begin ] --END-- [ RunTime:0.000634s ]
ERR: 非法操作:writRule

[ 2015-05-06T23:57:42+08:00 ] ::1 /Examination/home/options/writeRule/rulename/fuk/rulevale/shit
INFO: [ app_init ] --START--
INFO: Run Behavior\BuildLiteBehavior [ RunTime:0.000026s ]
INFO: [ app_init ] --END-- [ RunTime:0.000528s ]
INFO: [ app_begin ] --START--
INFO: Run Behavior\ReadHtmlCacheBehavior [ RunTime:0.000513s ]
INFO: [ app_begin ] --END-- [ RunTime:0.000637s ]
SQL: SHOW COLUMNS FROM `exa_options` [ RunTime:0.0217s ]
SQL: INSERT INTO `exa_options` (`options_name`,`options_value`) VALUES ('fuk','') [ RunTime:0.0451s ]

[ 2015-05-06T23:57:55+08:00 ] ::1 /Examination/home/options/writeRule/rulename//rulevale/
INFO: [ app_init ] --START--
INFO: Run Behavior\BuildLiteBehavior [ RunTime:0.000052s ]
INFO: [ app_init ] --END-- [ RunTime:0.000956s ]
INFO: [ app_begin ] --START--
INFO: Run Behavior\ReadHtmlCacheBehavior [ RunTime:0.000540s ]
INFO: [ app_begin ] --END-- [ RunTime:0.000666s ]
SQL: SHOW COLUMNS FROM `exa_options` [ RunTime:0.0740s ]
SQL: INSERT INTO `exa_options` (`options_name`,`options_value`) VALUES ('rulevale','') [ RunTime:0.0494s ]

[ 2015-05-06T23:57:58+08:00 ] ::1 /Examination/home/options/writeRule/rulename//rulevale/
INFO: [ app_init ] --START--
INFO: Run Behavior\BuildLiteBehavior [ RunTime:0.000026s ]
INFO: [ app_init ] --END-- [ RunTime:0.000452s ]
INFO: [ app_begin ] --START--
INFO: Run Behavior\ReadHtmlCacheBehavior [ RunTime:0.000487s ]
INFO: [ app_begin ] --END-- [ RunTime:0.000611s ]
SQL: SHOW COLUMNS FROM `exa_options` [ RunTime:0.0603s ]
SQL: INSERT INTO `exa_options` (`options_name`,`options_value`) VALUES ('rulevale','') [ RunTime:0.0391s ]

[ 2015-05-06T23:58:56+08:00 ] ::1 /Examination/home/options/writeRule/rulename//rulevale/
INFO: [ app_init ] --START--
INFO: Run Behavior\BuildLiteBehavior [ RunTime:0.000054s ]
INFO: [ app_init ] --END-- [ RunTime:0.001040s ]
INFO: [ app_begin ] --START--
INFO: Run Behavior\ReadHtmlCacheBehavior [ RunTime:0.001146s ]
INFO: [ app_begin ] --END-- [ RunTime:0.001402s ]
SQL: SHOW COLUMNS FROM `exa_options` [ RunTime:0.0304s ]
SQL: INSERT INTO `exa_options` (`options_name`,`options_value`) VALUES ('rulevale','') [ RunTime:0.0466s ]

[ 2015-05-06T23:58:57+08:00 ] ::1 /Examination/home/options/writeRule/rulename//rulevale/
INFO: [ app_init ] --START--
INFO: Run Behavior\BuildLiteBehavior [ RunTime:0.000047s ]
INFO: [ app_init ] --END-- [ RunTime:0.000827s ]
INFO: [ app_begin ] --START--
INFO: Run Behavior\ReadHtmlCacheBehavior [ RunTime:0.000896s ]
INFO: [ app_begin ] --END-- [ RunTime:0.001122s ]
SQL: SHOW COLUMNS FROM `exa_options` [ RunTime:0.0140s ]
SQL: INSERT INTO `exa_options` (`options_name`,`options_value`) VALUES ('rulevale','') [ RunTime:0.0773s ]

[ 2015-05-06T23:58:58+08:00 ] ::1 /Examination/home/options/writeRule/rulename//rulevale/
INFO: [ app_init ] --START--
INFO: Run Behavior\BuildLiteBehavior [ RunTime:0.000056s ]
INFO: [ app_init ] --END-- [ RunTime:0.000951s ]
INFO: [ app_begin ] --START--
INFO: Run Behavior\ReadHtmlCacheBehavior [ RunTime:0.001754s ]
INFO: [ app_begin ] --END-- [ RunTime:0.002164s ]
SQL: SHOW COLUMNS FROM `exa_options` [ RunTime:0.0081s ]
SQL: INSERT INTO `exa_options` (`options_name`,`options_value`) VALUES ('rulevale','') [ RunTime:0.0535s ]

[ 2015-05-06T23:59:10+08:00 ] ::1 /Examination/home/options/writeRule/rulename//rulevale/
INFO: [ app_init ] --START--
INFO: Run Behavior\BuildLiteBehavior [ RunTime:0.000084s ]
INFO: [ app_init ] --END-- [ RunTime:0.001516s ]
INFO: [ app_begin ] --START--
INFO: Run Behavior\ReadHtmlCacheBehavior [ RunTime:0.001687s ]
INFO: [ app_begin ] --END-- [ RunTime:0.002175s ]
SQL: SHOW COLUMNS FROM `exa_options` [ RunTime:0.0159s ]
SQL: INSERT INTO `exa_options` (`options_name`,`options_value`) VALUES ('rulevale','') [ RunTime:0.0963s ]

[ 2015-05-06T23:59:12+08:00 ] ::1 /Examination/home/options/writeRule/rulename//rulevale/
INFO: [ app_init ] --START--
INFO: Run Behavior\BuildLiteBehavior [ RunTime:0.000134s ]
INFO: [ app_init ] --END-- [ RunTime:0.002600s ]
INFO: [ app_begin ] --START--
INFO: Run Behavior\ReadHtmlCacheBehavior [ RunTime:0.001754s ]
INFO: [ app_begin ] --END-- [ RunTime:0.002203s ]
SQL: SHOW COLUMNS FROM `exa_options` [ RunTime:0.0471s ]
SQL: INSERT INTO `exa_options` (`options_name`,`options_value`) VALUES ('rulevale','') [ RunTime:0.0771s ]

[ 2015-05-06T23:59:26+08:00 ] ::1 /Examination/home/options/writeRule/rulename//rulevale/
INFO: [ app_init ] --START--
INFO: Run Behavior\BuildLiteBehavior [ RunTime:0.000083s ]
INFO: [ app_init ] --END-- [ RunTime:0.001508s ]
INFO: [ app_begin ] --START--
INFO: Run Behavior\ReadHtmlCacheBehavior [ RunTime:0.002278s ]
INFO: [ app_begin ] --END-- [ RunTime:0.002902s ]

[ 2015-05-06T23:59:33+08:00 ] ::1 /Examination/home/options/writeRule/rulename/fdfdf/rulevale/
INFO: [ app_init ] --START--
INFO: Run Behavior\BuildLiteBehavior [ RunTime:0.000028s ]
INFO: [ app_init ] --END-- [ RunTime:0.000465s ]
INFO: [ app_begin ] --START--
INFO: Run Behavior\ReadHtmlCacheBehavior [ RunTime:0.000502s ]
INFO: [ app_begin ] --END-- [ RunTime:0.000623s ]

[ 2015-05-06T23:59:38+08:00 ] ::1 /Examination/home/options/writeRule/rulename/fdfdf/rulevalue/ffdfd
INFO: [ app_init ] --START--
INFO: Run Behavior\BuildLiteBehavior [ RunTime:0.000044s ]
INFO: [ app_init ] --END-- [ RunTime:0.000692s ]
INFO: [ app_begin ] --START--
INFO: Run Behavior\ReadHtmlCacheBehavior [ RunTime:0.000818s ]
INFO: [ app_begin ] --END-- [ RunTime:0.001066s ]
SQL: SHOW COLUMNS FROM `exa_options` [ RunTime:0.0265s ]
SQL: INSERT INTO `exa_options` (`options_name`,`options_value`) VALUES ('fdfdf','ffdfd') [ RunTime:0.0450s ]

[ 2015-05-06T23:59:47+08:00 ] ::1 /Examination/home/options/writeRule/rulename/fdfdf/rulevalue/ffdfd
INFO: [ app_init ] --START--
INFO: Run Behavior\BuildLiteBehavior [ RunTime:0.000054s ]
INFO: [ app_init ] --END-- [ RunTime:0.000902s ]
INFO: [ app_begin ] --START--
INFO: Run Behavior\ReadHtmlCacheBehavior [ RunTime:0.000999s ]
INFO: [ app_begin ] --END-- [ RunTime:0.001260s ]
SQL: SHOW COLUMNS FROM `exa_options` [ RunTime:0.2545s ]
SQL: INSERT INTO `exa_options` (`options_name`,`options_value`) VALUES ('fdfdf','ffdfd') [ RunTime:0.3338s ]

[ 2015-05-06T23:59:51+08:00 ] ::1 /Examination/home/options/writeRule/rulename/fdfdf/rulevalue
INFO: [ app_init ] --START--
INFO: Run Behavior\BuildLiteBehavior [ RunTime:0.000028s ]
INFO: [ app_init ] --END-- [ RunTime:0.000466s ]
INFO: [ app_begin ] --START--
INFO: Run Behavior\ReadHtmlCacheBehavior [ RunTime:0.000527s ]
INFO: [ app_begin ] --END-- [ RunTime:0.000650s ]

