[ 2015-05-06T13:27:24+08:00 ] ::1 /Examination/admin.php/Install/Index/uninstall
ERR: SQLSTATE[42S02]: Base table or view not found: 1051 Unknown table 'test.exa_articles,test.exa_pages,test.exa_publication,test.exa_publication_catalogue'

[ 2015-05-06T13:27:33+08:00 ] ::1 /Examination/Install/Index/uninstall
INFO: [ app_init ] --START--
INFO: Run Behavior\BuildLiteBehavior [ RunTime:0.000035s ]
INFO: [ app_init ] --END-- [ RunTime:0.000648s ]
INFO: [ app_begin ] --START--
INFO: Run Behavior\ReadHtmlCacheBehavior [ RunTime:0.000497s ]
INFO: [ app_begin ] --END-- [ RunTime:0.000603s ]
ERR: SQLSTATE[42S02]: Base table or view not found: 1051 Unknown table 'test.exa_articles,test.exa_pages,test.exa_publication,test.exa_user,test.exa_publication_catalogue'

[ 2015-05-06T13:28:06+08:00 ] ::1 /Examination/Install/Index/uninstall
INFO: [ app_init ] --START--
INFO: Run Behavior\BuildLiteBehavior [ RunTime:0.000082s ]
INFO: [ app_init ] --END-- [ RunTime:0.001332s ]
INFO: [ app_begin ] --START--
INFO: Run Behavior\ReadHtmlCacheBehavior [ RunTime:0.000980s ]
INFO: [ app_begin ] --END-- [ RunTime:0.001240s ]
ERR: SQLSTATE[42S02]: Base table or view not found: 1051 Unknown table 'test.exa_user'

[ 2015-05-06T13:39:47+08:00 ] ::1 /Examination/Install/Index
INFO: [ app_init ] --START--
INFO: Run Behavior\BuildLiteBehavior [ RunTime:0.000026s ]
INFO: [ app_init ] --END-- [ RunTime:0.000425s ]
INFO: [ app_begin ] --START--
INFO: Run Behavior\ReadHtmlCacheBehavior [ RunTime:0.000486s ]
INFO: [ app_begin ] --END-- [ RunTime:0.000606s ]
SQL: CREATE TABLE IF NOT EXISTS `exa_user`( 
						`id` int not null auto_increment,
						`guid` VARCHAR(255) not null,
						`email` VARCHAR(255) not null,
						`nickname` VARCHAR(255) not null,
			    		`password` VARCHAR(255) not null,
			    		`privilege` int(1) not null,
			     		`last_Login_Time` TIMESTAMP DEFAULT CURRENT_TIMESTAMP,
			     		`created_time` TIMESTAMP DEFAULT CURRENT_TIMESTAMP,
						primary key(`id`))default charset=utf8; [ RunTime:0.7694s ]
SQL: CREATE TABLE IF NOT EXISTS `exa_publication`(
						`id` int not null auto_increment,
						`epid` VARCHAR(255) not null,
						`p_author` varchar(255) not null,
						`p_title` varchar(255) not null,
						`p_describe` varchar(255) not null,
						`p_src` varchar(255) not null,
						`p_score` int not null,
						`p_liked_num` int not null,
						`p_tags` int not null,
						`p_type` int not null,
						`epcid` int not null,
						`p_created_time` TIMESTAMP DEFAULT CURRENT_TIMESTAMP,
    					primary key(`id`))default charset=utf8; [ RunTime:0.2435s ]
SQL: CREATE TABLE IF NOT EXISTS `exa_publication_catalogue`(
						`id` int not null auto_increment,
						`epcid` VARCHAR(255) not null,
						`pc_title` varchar(255) not null,
						`pc_describe` varchar(255) not null,
						`pc_count` int not null,
    					primary key(`id`))default charset=utf8; [ RunTime:0.2546s ]
SQL: CREATE TABLE IF NOT EXISTS `exa_posts`(
						`id` int not null auto_increment,
						`post_author` VARCHAR(255) not null,
						`guid` varchar(255) not null,
						`post_title` varchar(255) not null,
						`post_content` text not null,
						`post_modified`	TIMESTAMP DEFAULT CURRENT_TIMESTAMP,
						`post_type` varchar(20) not null,
    					primary key(`id`))default charset=utf8; [ RunTime:0.2424s ]
SQL: CREATE TABLE IF NOT EXISTS `exa_options`(
						`id` int not null auto_increment,
						`options_name` varchar(255) not null,
						`options_value` varchar(255) not null,
    					primary key(`id`))default charset=utf8; [ RunTime:0.2541s ]
INFO: [ view_parse ] --START--
INFO: Run Behavior\ParseTemplateBehavior [ RunTime:0.003524s ]
INFO: [ view_parse ] --END-- [ RunTime:0.003650s ]
INFO: [ view_filter ] --START--
INFO: Run Behavior\WriteHtmlCacheBehavior [ RunTime:0.000395s ]
INFO: [ view_filter ] --END-- [ RunTime:0.000499s ]
INFO: [ app_end ] --START--
INFO: Run Behavior\ShowPageTraceBehavior [ RunTime:0.000508s ]
INFO: [ app_end ] --END-- [ RunTime:0.000610s ]

[ 2015-05-06T13:40:03+08:00 ] ::1 /Examination/Install/Index
INFO: [ app_init ] --START--
INFO: Run Behavior\BuildLiteBehavior [ RunTime:0.000028s ]
INFO: [ app_init ] --END-- [ RunTime:0.000422s ]
INFO: [ app_begin ] --START--
INFO: Run Behavior\ReadHtmlCacheBehavior [ RunTime:0.000406s ]
INFO: [ app_begin ] --END-- [ RunTime:0.000543s ]
SQL: CREATE TABLE IF NOT EXISTS `exa_user`( 
						`id` int not null auto_increment,
						`guid` VARCHAR(255) not null,
						`email` VARCHAR(255) not null,
						`nickname` VARCHAR(255) not null,
			    		`password` VARCHAR(255) not null,
			    		`privilege` int(1) not null,
			     		`last_Login_Time` TIMESTAMP DEFAULT CURRENT_TIMESTAMP,
			     		`created_time` TIMESTAMP DEFAULT CURRENT_TIMESTAMP,
						primary key(`id`))default charset=utf8; [ RunTime:0.0003s ]
SQL: CREATE TABLE IF NOT EXISTS `exa_publication`(
						`id` int not null auto_increment,
						`epid` VARCHAR(255) not null,
						`p_author` varchar(255) not null,
						`p_title` varchar(255) not null,
						`p_describe` varchar(255) not null,
						`p_src` varchar(255) not null,
						`p_score` int not null,
						`p_liked_num` int not null,
						`p_tags` int not null,
						`p_type` int not null,
						`epcid` int not null,
						`p_created_time` TIMESTAMP DEFAULT CURRENT_TIMESTAMP,
    					primary key(`id`))default charset=utf8; [ RunTime:0.0002s ]
SQL: CREATE TABLE IF NOT EXISTS `exa_publication_catalogue`(
						`id` int not null auto_increment,
						`epcid` VARCHAR(255) not null,
						`pc_title` varchar(255) not null,
						`pc_describe` varchar(255) not null,
						`pc_count` int not null,
    					primary key(`id`))default charset=utf8; [ RunTime:0.0002s ]
SQL: CREATE TABLE IF NOT EXISTS `exa_posts`(
						`id` int not null auto_increment,
						`post_author` VARCHAR(255) not null,
						`guid` varchar(255) not null,
						`post_title` varchar(255) not null,
						`post_content` text not null,
						`post_modified`	TIMESTAMP DEFAULT CURRENT_TIMESTAMP,
						`post_type` varchar(20) not null,
    					primary key(`id`))default charset=utf8; [ RunTime:0.0002s ]
SQL: CREATE TABLE IF NOT EXISTS `exa_options`(
						`id` int not null auto_increment,
						`options_name` varchar(255) not null,
						`options_value` varchar(255) not null,
    					primary key(`id`))default charset=utf8; [ RunTime:0.0002s ]
INFO: [ view_parse ] --START--
INFO: Run Behavior\ParseTemplateBehavior [ RunTime:0.000419s ]
INFO: [ view_parse ] --END-- [ RunTime:0.000534s ]
INFO: [ view_filter ] --START--
INFO: Run Behavior\WriteHtmlCacheBehavior [ RunTime:0.000319s ]
INFO: [ view_filter ] --END-- [ RunTime:0.000438s ]
INFO: [ app_end ] --START--
INFO: Run Behavior\ShowPageTraceBehavior [ RunTime:0.000521s ]
INFO: [ app_end ] --END-- [ RunTime:0.000635s ]

[ 2015-05-06T13:40:21+08:00 ] ::1 /Examination/Install/Index
INFO: [ app_init ] --START--
INFO: Run Behavior\BuildLiteBehavior [ RunTime:0.000040s ]
INFO: [ app_init ] --END-- [ RunTime:0.000599s ]
INFO: [ app_begin ] --START--
INFO: Run Behavior\ReadHtmlCacheBehavior [ RunTime:0.000624s ]
INFO: [ app_begin ] --END-- [ RunTime:0.000808s ]
SQL: CREATE TABLE IF NOT EXISTS `exa_user`( 
						`id` int not null auto_increment,
						`guid` VARCHAR(255) not null,
						`email` VARCHAR(255) not null,
						`nickname` VARCHAR(255) not null,
			    		`password` VARCHAR(255) not null,
			    		`privilege` int(1) not null,
			     		`last_Login_Time` TIMESTAMP DEFAULT CURRENT_TIMESTAMP,
			     		`created_time` TIMESTAMP DEFAULT CURRENT_TIMESTAMP,
						primary key(`id`))default charset=utf8; [ RunTime:0.0003s ]
SQL: CREATE TABLE IF NOT EXISTS `exa_publication`(
						`id` int not null auto_increment,
						`epid` VARCHAR(255) not null,
						`p_author` varchar(255) not null,
						`p_title` varchar(255) not null,
						`p_describe` varchar(255) not null,
						`p_src` varchar(255) not null,
						`p_score` int not null,
						`p_liked_num` int not null,
						`p_tags` int not null,
						`p_type` int not null,
						`epcid` int not null,
						`p_created_time` TIMESTAMP DEFAULT CURRENT_TIMESTAMP,
    					primary key(`id`))default charset=utf8; [ RunTime:0.0002s ]
SQL: CREATE TABLE IF NOT EXISTS `exa_publication_catalogue`(
						`id` int not null auto_increment,
						`epcid` VARCHAR(255) not null,
						`pc_title` varchar(255) not null,
						`pc_describe` varchar(255) not null,
						`pc_count` int not null,
    					primary key(`id`))default charset=utf8; [ RunTime:0.0002s ]
SQL: CREATE TABLE IF NOT EXISTS `exa_posts`(
						`id` int not null auto_increment,
						`post_author` VARCHAR(255) not null,
						`guid` varchar(255) not null,
						`post_title` varchar(255) not null,
						`post_content` text not null,
						`post_modified`	TIMESTAMP DEFAULT CURRENT_TIMESTAMP,
						`post_type` varchar(20) not null,
    					primary key(`id`))default charset=utf8; [ RunTime:0.0002s ]
SQL: CREATE TABLE IF NOT EXISTS `exa_options`(
						`id` int not null auto_increment,
						`options_name` varchar(255) not null,
						`options_value` varchar(255) not null,
    					primary key(`id`))default charset=utf8; [ RunTime:0.0002s ]
INFO: [ view_parse ] --START--
INFO: Run Behavior\ParseTemplateBehavior [ RunTime:0.003984s ]
INFO: [ view_parse ] --END-- [ RunTime:0.004184s ]
INFO: [ view_filter ] --START--
INFO: Run Behavior\WriteHtmlCacheBehavior [ RunTime:0.000470s ]
INFO: [ view_filter ] --END-- [ RunTime:0.000649s ]
INFO: [ app_end ] --START--
INFO: Run Behavior\ShowPageTraceBehavior [ RunTime:0.000458s ]
INFO: [ app_end ] --END-- [ RunTime:0.000560s ]

[ 2015-05-06T13:53:08+08:00 ] ::1 /Examination/Install/Index
INFO: [ app_init ] --START--
INFO: Run Behavior\BuildLiteBehavior [ RunTime:0.000051s ]
INFO: [ app_init ] --END-- [ RunTime:0.000872s ]
INFO: [ app_begin ] --START--
INFO: Run Behavior\ReadHtmlCacheBehavior [ RunTime:0.001144s ]
INFO: [ app_begin ] --END-- [ RunTime:0.001390s ]

[ 2015-05-06T13:53:30+08:00 ] ::1 /Examination/Install/Index
INFO: [ app_init ] --START--
INFO: Run Behavior\BuildLiteBehavior [ RunTime:0.000039s ]
INFO: [ app_init ] --END-- [ RunTime:0.000647s ]
INFO: [ app_begin ] --START--
INFO: Run Behavior\ReadHtmlCacheBehavior [ RunTime:0.000907s ]
INFO: [ app_begin ] --END-- [ RunTime:0.001096s ]
SQL: CREATE TABLE IF NOT EXISTS `exa_user`( 
						`id` int not null auto_increment,
						`guid` VARCHAR(255) not null,
						`email` VARCHAR(255) not null,
						`nickname` VARCHAR(255) not null,
			    		`password` VARCHAR(255) not null,
			    		`privilege` int(1) not null,
			     		`last_Login_Time` TIMESTAMP DEFAULT CURRENT_TIMESTAMP,
			     		`created_time` TIMESTAMP DEFAULT CURRENT_TIMESTAMP,
						primary key(`id`))default charset=utf8; [ RunTime:0.0003s ]
SQL: CREATE TABLE IF NOT EXISTS `exa_publication`(
						`id` int not null auto_increment,
						`epid` VARCHAR(255) not null,
						`p_author` varchar(255) not null,
						`p_title` varchar(255) not null,
						`p_describe` varchar(255) not null,
						`p_src` varchar(255) not null,
						`p_score` int not null,
						`p_liked_num` int not null,
						`p_tags` int not null,
						`p_type` int not null,
						`epcid` int not null,
						`p_created_time` TIMESTAMP DEFAULT CURRENT_TIMESTAMP,
    					primary key(`id`))default charset=utf8; [ RunTime:0.0002s ]
SQL: CREATE TABLE IF NOT EXISTS `exa_publication_catalogue`(
						`id` int not null auto_increment,
						`epcid` VARCHAR(255) not null,
						`pc_title` varchar(255) not null,
						`pc_describe` varchar(255) not null,
						`pc_count` int not null,
    					primary key(`id`))default charset=utf8; [ RunTime:0.0001s ]
SQL: CREATE TABLE IF NOT EXISTS `exa_posts`(
						`id` int not null auto_increment,
						`post_author` VARCHAR(255) not null,
						`guid` varchar(255) not null,
						`post_title` varchar(255) not null,
						`post_content` text not null,
						`post_modified`	TIMESTAMP DEFAULT CURRENT_TIMESTAMP,
						`post_type` varchar(20) not null,
    					primary key(`id`))default charset=utf8; [ RunTime:0.0001s ]
SQL: CREATE TABLE IF NOT EXISTS `exa_options`(
						`id` int not null auto_increment,
						`options_name` varchar(255) not null,
						`options_value` varchar(255) not null,
    					primary key(`id`))default charset=utf8; [ RunTime:0.0001s ]
INFO: [ view_parse ] --START--
INFO: Run Behavior\ParseTemplateBehavior [ RunTime:0.000489s ]
INFO: [ view_parse ] --END-- [ RunTime:0.000596s ]
INFO: [ view_filter ] --START--
INFO: Run Behavior\WriteHtmlCacheBehavior [ RunTime:0.000354s ]
INFO: [ view_filter ] --END-- [ RunTime:0.000465s ]
INFO: [ view_parse ] --START--
INFO: [ template_filter ] --START--
INFO: Run Behavior\ContentReplaceBehavior [ RunTime:0.000120s ]
INFO: [ template_filter ] --END-- [ RunTime:0.000561s ]
INFO: Run Behavior\ParseTemplateBehavior [ RunTime:0.393528s ]
INFO: [ view_parse ] --END-- [ RunTime:-0.000653s ]
INFO: [ view_filter ] --START--
INFO: Run Behavior\WriteHtmlCacheBehavior [ RunTime:0.000060s ]
INFO: [ view_filter ] --END-- [ RunTime:-0.393985s ]
SQL: INSERT INTO `exa_options`(`options_name`, `options_value`) VALUES ('site_name','Examination') [ RunTime:0.0717s ]
INFO: [ view_parse ] --START--
INFO: [ template_filter ] --START--
INFO: Run Behavior\ContentReplaceBehavior [ RunTime:0.000181s ]
INFO: [ template_filter ] --END-- [ RunTime:-0.085633s ]
INFO: Run Behavior\ParseTemplateBehavior [ RunTime:0.018389s ]
INFO: [ view_parse ] --END-- [ RunTime:-0.467652s ]
INFO: [ view_filter ] --START--
INFO: Run Behavior\WriteHtmlCacheBehavior [ RunTime:0.000099s ]
INFO: [ view_filter ] --END-- [ RunTime:-0.486506s ]
SQL: INSERT INTO `exa_options`(`options_name`, `options_value`) VALUES ('site_description','Examination - Offical WebSite') [ RunTime:0.0537s ]
INFO: [ view_parse ] --START--
INFO: Run Behavior\ParseTemplateBehavior [ RunTime:0.001028s ]
INFO: [ view_parse ] --END-- [ RunTime:-0.542562s ]
INFO: [ view_filter ] --START--
INFO: Run Behavior\WriteHtmlCacheBehavior [ RunTime:0.000059s ]
INFO: [ view_filter ] --END-- [ RunTime:-0.543456s ]
SQL: INSERT INTO `exa_options`(`options_name`, `options_value`) VALUES ('user_can_register','0') [ RunTime:0.0637s ]
INFO: [ view_parse ] --START--
INFO: Run Behavior\ParseTemplateBehavior [ RunTime:0.001238s ]
INFO: [ view_parse ] --END-- [ RunTime:-0.608885s ]
INFO: [ view_filter ] --START--
INFO: Run Behavior\WriteHtmlCacheBehavior [ RunTime:0.000094s ]
INFO: [ view_filter ] --END-- [ RunTime:-0.610154s ]
INFO: [ app_end ] --START--
INFO: Run Behavior\ShowPageTraceBehavior [ RunTime:0.002092s ]
INFO: [ app_end ] --END-- [ RunTime:0.002462s ]

